#
# A fatal error has been detected by the Java Runtime Environment:
#
#  EXCEPTION_ACCESS_VIOLATION (0xc0000005) at pc=0x00007ffd7a8bd39a, pid=1636, tid=11700
#
# JRE version: Java(TM) SE Runtime Environment (17.0.10+11) (build 17.0.10+11-LTS-240)
# Java VM: Java HotSpot(TM) 64-Bit Server VM (17.0.10+11-LTS-240, mixed mode, sharing, tiered, compressed oops, compressed class ptrs, g1 gc, windows-amd64)
# Problematic frame:
# C  [lwjgl_opengl.dll+0xd39a]
#
# No core dump will be written. Minidumps are not enabled by default on client versions of Windows
#
# If you would like to submit a bug report, please visit:
#   https://bugreport.java.com/bugreport/crash.jsp
# The crash happened outside the Java Virtual Machine in native code.
# See problematic frame for where to report the bug.
#

---------------  S U M M A R Y ------------

Command Line: -javaagent:C:\Program Files\JetBrains\IntelliJ IDEA 2023.2.4\lib\idea_rt.jar=56766:C:\Program Files\JetBrains\IntelliJ IDEA 2023.2.4\bin -Dfile.encoding=UTF-8 Main -Dorg.lwjgl.util.Debug=true

Host: AMD Ryzen 7 7800X3D 8-Core Processor           , 16 cores, 31G,  Windows 11 , 64 bit Build 22621 (10.0.22621.3958)
Time: Thu Oct 17 11:26:53 2024 Paris, Madrid (heure duild 22621 (10.0.22621.3958) elapsed time: 0.573963 seconds (0d 0h 0m 0s)

---------------  T H R E A D  ---------------

Current thread (0x00000224aaf8f1b0):  JavaThread "main" [_thread_in_native, id=11700, stack(0x000000d5c3700000,0x000000d5c3800000)]

Stack: [0x000000d5c3700000,0x000000d5c3800000],  sp=0x000000d5c37fedd8,  free space=1019k
Native frames: (J=compiled Java code, j=interpreted, Vv=VM code, C=native code)
C  [lwjgl_opengl.dll+0xd39a]

Java frames: (J=compiled Java code, j=interpreted, Vv=VM code)
j  org.lwjgl.opengl.GL11C.nglGenTextures(IJ)V+0
j  org.lwjgl.opengl.GL11C.glGenTextures()I+20
j  org.lwjgl.opengl.GL11.glGenTextures()I+0
j  helper.TextureLoader.loadTexture(Ljava/lang/String;)I+111
j  entities.Block.loadTexture()I+22
j  entities.Block.<init>(Ljava/lang/String;ILjava/lang/String;ZZ)V+33
j  Main.main([Ljava/lang/String;)V+71
v  ~StubRoutines::call_stub

siginfo: EXCEPTION_ACCESS_VIOLATION (0xc0000005), reading address 0x00000000000002d8


Registers:
RAX=0x0000000000000000, RBX=0x0000022519883770, RCX=0x00000224aaf8f460, RDX=0x000002251f819e80
RSP=0x000000d5c37fedd8, RBP=0x000000d5c37fee68, RSI=0x00000225197fe280, RDI=0x0000000000000001
R8 =0x0000000000000001, R9 =0x000002251f819e80, R10=0x00000224b9c8d5f2, R11=0x000000062b9be170
R12=0x0000000000000000, R13=0x0000022519883770, R14=0x000000d5c37fee98, R15=0x00000224aaf8f1b0
RIP=0x00007ffd7a8bd39a, EFLAGS=0x0000000000010202


Register to memory mapping:

RIP=0x00007ffd7a8bd39a lwjgl_opengl.dll
RAX=0x0 is NULL
RBX={method} {0x0000022519883778} 'nglGenTextures' '(IJ)V' in 'org/lwjgl/opengl/GL11C'
RCX=0x00000224aaf8f460 points into unknown readable memory: 0x00000225208fbcf0 | f0 bc 8f 20 25 02 00 00
RDX=0x000002251f819e80 points into unknown readable memory: 0x0000000400000000 | 00 00 00 00 04 00 00 00
RSP=0x000000d5c37fedd8 is pointing into the stack for thread: 0x00000224aaf8f1b0
RBP=0x000000d5c37fee68 is pointing into the stack for thread: 0x00000224aaf8f1b0
RSI=0x00000225197fe280 is pointing into metadata
RDI=0x0000000000000001 is an unknown value
R8 =0x0000000000000001 is an unknown value
R9 =0x000002251f819e80 points into unknown readable memory: 0x0000000400000000 | 00 00 00 00 04 00 00 00
R10=0x00000224b9c8d5f2 is at code_begin+946 in an Interpreter codelet
method entry point (kind = native)  [0x00000224b9c8d240, 0x00000224b9c8dbc0]  2432 bytes
R11=0x000000062b9be170 is an oop: java.lang.Class 
{0x000000062b9be170} - klass: 'java/lang/Class'
 - ---- fields (total size 116 words):
 - private volatile transient 'classRedefinedCount' 'I' @12  0
 - private volatile transient 'cachedConstructor' 'Ljava/lang/reflect/Constructor;' @40  NULL (0)
 - private transient 'name' 'Ljava/lang/String;' @44  "org.lwjgl.opengl.GL11C"{0x000000062b9be520} (c5737ca4)
 - private transient 'module' 'Ljava/lang/Module;' @48  a 'java/lang/Module'{0x000000062ac3d8c0} (c5587b18)
 - private final 'classLoader' 'Ljava/lang/ClassLoader;' @52  a 'jdk/internal/loader/ClassLoaders$AppClassLoader'{0x000000062ac00010} (c5580002)
 - private transient 'classData' 'Ljava/lang/Object;' @56  NULL (0)
 - private transient 'packageName' 'Ljava/lang/String;' @60  "org.lwjgl.opengl"{0x000000062b9011c8} (c5720239)
 - private final 'componentType' 'Ljava/lang/Class;' @64  NULL (0)
 - private volatile transient 'reflectionData' 'Ljava/lang/ref/SoftReference;' @68  NULL (0)
 - private volatile transient 'genericInfo' 'Lsun/reflect/generics/repository/ClassRepository;' @72  NULL (0)
 - private volatile transient 'enumConstants' '[Ljava/lang/Object;' @76  NULL (0)
 - private volatile transient 'enumConstantDirectory' 'Ljava/util/Map;' @80  NULL (0)
 - private volatile transient 'annotationData' 'Ljava/lang/Class$AnnotationData;' @84  NULL (0)
 - private volatile transient 'annotationType' 'Lsun/reflect/annotation/AnnotationType;' @88  NULL (0)
 - transient 'classValueMap' 'Ljava/lang/ClassValue$ClassValueMap;' @92  NULL (0)
 - signature: Lorg/lwjgl/opengl/GL11C;
 - fake entry for mirror: 'org/lwjgl/opengl/GL11C'
 - fake entry for array: NULL
 - fake entry for oop_size: 116
 - fake entry for static_oop_field_count: 0
 - public static final 'GL_NEVER' 'I' @112  512 (200)
 - public static final 'GL_LESS' 'I' @116  513 (201)
 - public static final 'GL_EQUAL' 'I' @120  514 (202)
 - public static final 'GL_LEQUAL' 'I' @124  515 (203)
 - public static final 'GL_GREATER' 'I' @128  516 (204)
 - public static final 'GL_NOTEQUAL' 'I' @132  517 (205)
 - public static final 'GL_GEQUAL' 'I' @136  518 (206)
 - public static final 'GL_ALWAYS' 'I' @140  519 (207)
 - public static final 'GL_DEPTH_BUFFER_BIT' 'I' @144  256 (100)
 - public static final 'GL_STENCIL_BUFFER_BIT' 'I' @148  1024 (400)
 - public static final 'GL_COLOR_BUFFER_BIT' 'I' @152  16384 (4000)
 - public static final 'GL_POINTS' 'I' @156  0
 - public static final 'GL_LINES' 'I' @160  1
 - public static final 'GL_LINE_LOOP' 'I' @164  2
 - public static final 'GL_LINE_STRIP' 'I' @168  3
 - public static final 'GL_TRIANGLES' 'I' @172  4
 - public static final 'GL_TRIANGLE_STRIP' 'I' @176  5
 - public static final 'GL_TRIANGLE_FAN' 'I' @180  6
 - public static final 'GL_QUADS' 'I' @184  7
 - public static final 'GL_ZERO' 'I' @188  0
 - public static final 'GL_ONE' 'I' @192  1
 - public static final 'GL_SRC_COLOR' 'I' @196  768 (300)
 - public static final 'GL_ONE_MINUS_SRC_COLOR' 'I' @200  769 (301)
 - public static final 'GL_SRC_ALPHA' 'I' @204  770 (302)
 - public static final 'GL_ONE_MINUS_SRC_ALPHA' 'I' @208  771 (303)
 - public static final 'GL_DST_ALPHA' 'I' @212  772 (304)
 - public static final 'GL_ONE_MINUS_DST_ALPHA' 'I' @216  773 (305)
 - public static final 'GL_DST_COLOR' 'I' @220  774 (306)
 - public static final 'GL_ONE_MINUS_DST_COLOR' 'I' @224  775 (307)
 - public static final 'GL_SRC_ALPHA_SATURATE' 'I' @228  776 (308)
 - public static final 'GL_TRUE' 'I' @232  1
 - public static final 'GL_FALSE' 'I' @236  0
 - public static final 'GL_BYTE' 'I' @240  5120 (1400)
 - public static final 'GL_UNSIGNED_BYTE' 'I' @244  5121 (1401)
 - public static final 'GL_SHORT' 'I' @248  5122 (1402)
 - public static final 'GL_UNSIGNED_SHORT' 'I' @252  5123 (1403)
 - public static final 'GL_INT' 'I' @256  5124 (1404)
 - public static final 'GL_UNSIGNED_INT' 'I' @260  5125 (1405)
 - public static final 'GL_FLOAT' 'I' @264  5126 (1406)
 - public static final 'GL_DOUBLE' 'I' @268  5130 (140a)
 - public static final 'GL_NONE' 'I' @272  0
 - public static final 'GL_FRONT_LEFT' 'I' @276  1024 (400)
 - public static final 'GL_FRONT_RIGHT' 'I' @280  1025 (401)
 - public static final 'GL_BACK_LEFT' 'I' @284  1026 (402)
 - public static final 'GL_BACK_RIGHT' 'I' @288  1027 (403)
 - public static final 'GL_FRONT' 'I' @292  1028 (404)
 - public static final 'GL_BACK' 'I' @296  1029 (405)
 - public static final 'GL_LEFT' 'I' @300  1030 (406)
 - public static final 'GL_RIGHT' 'I' @304  1031 (407)
 - public static final 'GL_FRONT_AND_BACK' 'I' @308  1032 (408)
 - public static final 'GL_NO_ERROR' 'I' @312  0
 - public static final 'GL_INVALID_ENUM' 'I' @316  1280 (500)
 - public static final 'GL_INVALID_VALUE' 'I' @320  1281 (501)
 - public static final 'GL_INVALID_OPERATION' 'I' @324  1282 (502)
 - public static final 'GL_STACK_OVERFLOW' 'I' @328  1283 (503)
 - public static final 'GL_STACK_UNDERFLOW' 'I' @332  1284 (504)
 - public static final 'GL_OUT_OF_MEMORY' 'I' @336  1285 (505)
 - public static final 'GL_CW' 'I' @340  2304 (900)
 - public static final 'GL_CCW' 'I' @344  2305 (901)
 - public static final 'GL_POINT_SIZE' 'I' @348  2833 (b11)
 - public static final 'GL_POINT_SIZE_RANGE' 'I' @352  2834 (b12)
 - public static final 'GL_POINT_SIZE_GRANULARITY' 'I' @356  2835 (b13)
 - public static final 'GL_LINE_SMOOTH' 'I' @360  2848 (b20)
 - public static final 'GL_LINE_WIDTH' 'I' @364  2849 (b21)
 - public static final 'GL_LINE_WIDTH_RANGE' 'I' @368  2850 (b22)
 - public static final 'GL_LINE_WIDTH_GRANULARITY' 'I' @372  2851 (b23)
 - public static final 'GL_POLYGON_MODE' 'I' @376  2880 (b40)
 - public static final 'GL_POLYGON_SMOOTH' 'I' @380  2881 (b41)
 - public static final 'GL_CULL_FACE' 'I' @384  2884 (b44)
 - public static final 'GL_CULL_FACE_MODE' 'I' @388  2885 (b45)
 - public static final 'GL_FRONT_FACE' 'I' @392  2886 (b46)
 - public static final 'GL_DEPTH_RANGE' 'I' @396  2928 (b70)
 - public static final 'GL_DEPTH_TEST' 'I' @400  2929 (b71)
 - public static final 'GL_DEPTH_WRITEMASK' 'I' @404  2930 (b72)
 - public static final 'GL_DEPTH_CLEAR_VALUE' 'I' @408  2931 (b73)
 - public static final 'GL_DEPTH_FUNC' 'I' @412  2932 (b74)
 - public static final 'GL_STENCIL_TEST' 'I' @416  2960 (b90)
 - public static final 'GL_STENCIL_CLEAR_VALUE' 'I' @420  2961 (b91)
 - public static final 'GL_STENCIL_FUNC' 'I' @424  2962 (b92)
 - public static final 'GL_STENCIL_VALUE_MASK' 'I' @428  2963 (b93)
 - public static final 'GL_STENCIL_FAIL' 'I' @432  2964 (b94)
 - public static final 'GL_STENCIL_PASS_DEPTH_FAIL' 'I' @436  2965 (b95)
 - public static final 'GL_STENCIL_PASS_DEPTH_PASS' 'I' @440  2966 (b96)
 - public static final 'GL_STENCIL_REF' 'I' @444  2967 (b97)
 - public static final 'GL_STENCIL_WRITEMASK' 'I' @448  2968 (b98)
 - public static final 'GL_VIEWPORT' 'I' @452  2978 (ba2)
 - public static final 'GL_DITHER' 'I' @456  3024 (bd0)
 - public static final 'GL_BLEND_DST' 'I' @460  3040 (be0)
 - public static final 'GL_BLEND_SRC' 'I' @464  3041 (be1)
 - public static final 'GL_BLEND' 'I' @468  3042 (be2)
 - public static final 'GL_LOGIC_OP_MODE' 'I' @472  3056 (bf0)
 - public static final 'GL_COLOR_LOGIC_OP' 'I' @476  3058 (bf2)
 - public static final 'GL_DRAW_BUFFER' 'I' @480  3073 (c01)
 - public static final 'GL_READ_BUFFER' 'I' @484  3074 (c02)
 - public static final 'GL_SCISSOR_BOX' 'I' @488  3088 (c10)
 - public static final 'GL_SCISSOR_TEST' 'I' @492  3089 (c11)
 - public static final 'GL_COLOR_CLEAR_VALUE' 'I' @496  3106 (c22)
 - public static final 'GL_COLOR_WRITEMASK' 'I' @500  3107 (c23)
 - public static final 'GL_DOUBLEBUFFER' 'I' @504  3122 (c32)
 - public static final 'GL_STEREO' 'I' @508  3123 (c33)
 - public static final 'GL_LINE_SMOOTH_HINT' 'I' @512  3154 (c52)
 - public static final 'GL_POLYGON_SMOOTH_HINT' 'I' @516  3155 (c53)
 - public static final 'GL_UNPACK_SWAP_BYTES' 'I' @520  3312 (cf0)
 - public static final 'GL_UNPACK_LSB_FIRST' 'I' @524  3313 (cf1)
 - public static final 'GL_UNPACK_ROW_LENGTH' 'I' @528  3314 (cf2)
 - public static final 'GL_UNPACK_SKIP_ROWS' 'I' @532  3315 (cf3)
 - public static final 'GL_UNPACK_SKIP_PIXELS' 'I' @536  3316 (cf4)
 - public static final 'GL_UNPACK_ALIGNMENT' 'I' @540  3317 (cf5)
 - public static final 'GL_PACK_SWAP_BYTES' 'I' @544  3328 (d00)
 - public static final 'GL_PACK_LSB_FIRST' 'I' @548  3329 (d01)
 - public static final 'GL_PACK_ROW_LENGTH' 'I' @552  3330 (d02)
 - public static final 'GL_PACK_SKIP_ROWS' 'I' @556  3331 (d03)
 - public static final 'GL_PACK_SKIP_PIXELS' 'I' @560  3332 (d04)
 - public static final 'GL_PACK_ALIGNMENT' 'I' @564  3333 (d05)
 - public static final 'GL_MAX_TEXTURE_SIZE' 'I' @568  3379 (d33)
 - public static final 'GL_MAX_VIEWPORT_DIMS' 'I' @572  3386 (d3a)
 - public static final 'GL_SUBPIXEL_BITS' 'I' @576  3408 (d50)
 - public static final 'GL_TEXTURE_1D' 'I' @580  3552 (de0)
 - public static final 'GL_TEXTURE_2D' 'I' @584  3553 (de1)
 - public static final 'GL_TEXTURE_WIDTH' 'I' @588  4096 (1000)
 - public static final 'GL_TEXTURE_HEIGHT' 'I' @592  4097 (1001)
 - public static final 'GL_TEXTURE_INTERNAL_FORMAT' 'I' @596  4099 (1003)
 - public static final 'GL_TEXTURE_BORDER_COLOR' 'I' @600  4100 (1004)
 - public static final 'GL_DONT_CARE' 'I' @604  4352 (1100)
 - public static final 'GL_FASTEST' 'I' @608  4353 (1101)
 - public static final 'GL_NICEST' 'I' @612  4354 (1102)
 - public static final 'GL_CLEAR' 'I' @616  5376 (1500)
 - public static final 'GL_AND' 'I' @620  5377 (1501)
 - public static final 'GL_AND_REVERSE' 'I' @624  5378 (1502)
 - public static final 'GL_COPY' 'I' @628  5379 (1503)
 - public static final 'GL_AND_INVERTED' 'I' @632  5380 (1504)
 - public static final 'GL_NOOP' 'I' @636  5381 (1505)
 - public static final 'GL_XOR' 'I' @640  5382 (1506)
 - public static final 'GL_OR' 'I' @644  5383 (1507)
 - public static final 'GL_NOR' 'I' @648  5384 (1508)
 - public static final 'GL_EQUIV' 'I' @652  5385 (1509)
 - public static final 'GL_INVERT' 'I' @656  5386 (150a)
 - public static final 'GL_OR_REVERSE' 'I' @660  5387 (150b)
 - public static final 'GL_COPY_INVERTED' 'I' @664  5388 (150c)
 - public static final 'GL_OR_INVERTED' 'I' @668  5389 (150d)
 - public static final 'GL_NAND' 'I' @672  5390 (150e)
 - public static final 'GL_SET' 'I' @676  5391 (150f)
 - public static final 'GL_TEXTURE' 'I' @680  5890 (1702)
 - public static final 'GL_COLOR' 'I' @684  6144 (1800)
 - public static final 'GL_DEPTH' 'I' @688  6145 (1801)
 - public static final 'GL_STENCIL' 'I' @692  6146 (1802)
 - public static final 'GL_STENCIL_INDEX' 'I' @696  6401 (1901)
 - public static final 'GL_DEPTH_COMPONENT' 'I' @700  6402 (1902)
 - public static final 'GL_RED' 'I' @704  6403 (1903)
 - public static final 'GL_GREEN' 'I' @708  6404 (1904)
 - public static final 'GL_BLUE' 'I' @712  6405 (1905)
 - public static final 'GL_ALPHA' 'I' @716  6406 (1906)
 - public static final 'GL_RGB' 'I' @720  6407 (1907)
 - public static final 'GL_RGBA' 'I' @724  6408 (1908)
 - public static final 'GL_POINT' 'I' @728  6912 (1b00)
 - public static final 'GL_LINE' 'I' @732  6913 (1b01)
 - public static final 'GL_FILL' 'I' @736  6914 (1b02)
 - public static final 'GL_KEEP' 'I' @740  7680 (1e00)
 - public static final 'GL_REPLACE' 'I' @744  7681 (1e01)
 - public static final 'GL_INCR' 'I' @748  7682 (1e02)
 - public static final 'GL_DECR' 'I' @752  7683 (1e03)
 - public static final 'GL_VENDOR' 'I' @756  7936 (1f00)
 - public static final 'GL_RENDERER' 'I' @760  7937 (1f01)
 - public static final 'GL_VERSION' 'I' @764  7938 (1f02)
 - public static final 'GL_EXTENSIONS' 'I' @768  7939 (1f03)
 - public static final 'GL_NEAREST' 'I' @772  9728 (2600)
 - public static final 'GL_LINEAR' 'I' @776  9729 (2601)
 - public static final 'GL_NEAREST_MIPMAP_NEAREST' 'I' @780  9984 (2700)
 - public static final 'GL_LINEAR_MIPMAP_NEAREST' 'I' @784  9985 (2701)
 - public static final 'GL_NEAREST_MIPMAP_LINEAR' 'I' @788  9986 (2702)
 - public static final 'GL_LINEAR_MIPMAP_LINEAR' 'I' @792  9987 (2703)
 - public static final 'GL_TEXTURE_MAG_FILTER' 'I' @796  10240 (2800)
 - public static final 'GL_TEXTURE_MIN_FILTER' 'I' @800  10241 (2801)
 - public static final 'GL_TEXTURE_WRAP_S' 'I' @804  10242 (2802)
 - public static final 'GL_TEXTURE_WRAP_T' 'I' @808  10243 (2803)
 - public static final 'GL_REPEAT' 'I' @812  10497 (2901)
 - public static final 'GL_POLYGON_OFFSET_FACTOR' 'I' @816  32824 (8038)
 - public static final 'GL_POLYGON_OFFSET_UNITS' 'I' @820  10752 (2a00)
 - public static final 'GL_POLYGON_OFFSET_POINT' 'I' @824  10753 (2a01)
 - public static final 'GL_POLYGON_OFFSET_LINE' 'I' @828  10754 (2a02)
 - public static final 'GL_POLYGON_OFFSET_FILL' 'I' @832  32823 (8037)
 - public static final 'GL_R3_G3_B2' 'I' @836  10768 (2a10)
 - public static final 'GL_RGB4' 'I' @840  32847 (804f)
 - public static final 'GL_RGB5' 'I' @844  32848 (8050)
 - public static final 'GL_RGB8' 'I' @848  32849 (8051)
 - public static final 'GL_RGB10' 'I' @852  32850 (8052)
 - public static final 'GL_RGB12' 'I' @856  32851 (8053)
 - public static final 'GL_RGB16' 'I' @860  32852 (8054)
 - public static final 'GL_RGBA2' 'I' @864  32853 (8055)
 - public static final 'GL_RGBA4' 'I' @868  32854 (8056)
 - public static final 'GL_RGB5_A1' 'I' @872  32855 (8057)
 - public static final 'GL_RGBA8' 'I' @876  32856 (8058)
 - public static final 'GL_RGB10_A2' 'I' @880  32857 (8059)
 - public static final 'GL_RGBA12' 'I' @884  32858 (805a)
 - public static final 'GL_RGBA16' 'I' @888  32859 (805b)
 - public static final 'GL_TEXTURE_RED_SIZE' 'I' @892  32860 (805c)
 - public static final 'GL_TEXTURE_GREEN_SIZE' 'I' @896  32861 (805d)
 - public static final 'GL_TEXTURE_BLUE_SIZE' 'I' @900  32862 (805e)
 - public static final 'GL_TEXTURE_ALPHA_SIZE' 'I' @904  32863 (805f)
 - public static final 'GL_PROXY_TEXTURE_1D' 'I' @908  32867 (8063)
 - public static final 'GL_PROXY_TEXTURE_2D' 'I' @912  32868 (8064)
 - public static final 'GL_TEXTURE_BINDING_1D' 'I' @916  32872 (8068)
 - public static final 'GL_TEXTURE_BINDING_2D' 'I' @920  32873 (8069)
 - public static final 'GL_VERTEX_ARRAY' 'I' @924  32884 (8074)
R12=0x0 is NULL
R13={method} {0x0000022519883778} 'nglGenTextures' '(IJ)V' in 'org/lwjgl/opengl/GL11C'
R14=0x000000d5c37fee98 is pointing into the stack for thread: 0x00000224aaf8f1b0
R15=0x00000224aaf8f1b0 is a thread


Top of Stack: (sp=0x000000d5c37fedd8)
0x000000d5c37fedd8:   00000224b9c8d621 0000000000000001
0x000000d5c37fede8:   00000224b9c8d33c 0000022519883770
0x000000d5c37fedf8:   00000225197fe280 000000d5c37fee18
0x000000d5c37fee08:   000000d5c37fee80 00000224b9c895cd
0x000000d5c37fee18:   00000224b9c8d2f6 000000d5c37fee20
0x000000d5c37fee28:   0000022519883770 000000d5c37fee98
0x000000d5c37fee38:   000002251988bab8 0000000000000000
0x000000d5c37fee48:   000000062b9be170 0000022519883770
0x000000d5c37fee58:   0000000000000000 000000d5c37fee88
0x000000d5c37fee68:   000000d5c37feee8 00000224b9c894fe
0x000000d5c37fee78:   000000062b9be170 00000224b9c8af78
0x000000d5c37fee88:   000002251f819e80 0000000000000000
0x000000d5c37fee98:   0000000000000001 000000d5c37feea0
0x000000d5c37feea8:   00000225198838e4 000000d5c37fef18
0x000000d5c37feeb8:   000002251988bab8 0000000000000000
0x000000d5c37feec8:   000000062b9be170 0000022519883950 

Instructions: (pc=0x00007ffd7a8bd39a)
0x00007ffd7a8bd29a:   cc cc cc cc cc cc 48 8b 01 48 8b 40 18 44 89 c1
0x00007ffd7a8bd2aa:   48 ff a0 d0 01 00 00 cc cc cc cc cc cc cc cc cc
0x00007ffd7a8bd2ba:   cc cc cc cc cc cc 0f 28 cb 0f 28 c2 48 8b 01 48
0x00007ffd7a8bd2ca:   8b 40 18 48 8b 80 d8 01 00 00 48 ff e0 cc cc cc
0x00007ffd7a8bd2da:   cc cc cc cc cc cc 44 89 ca 44 89 c0 44 8b 44 24
0x00007ffd7a8bd2ea:   28 48 8b 09 48 8b 49 18 4c 8b 89 e8 01 00 00 89
0x00007ffd7a8bd2fa:   c1 49 ff e1 cc cc 48 8b 01 48 8b 40 18 44 89 c1
0x00007ffd7a8bd30a:   48 ff a0 f0 01 00 00 cc cc cc cc cc cc cc cc cc
0x00007ffd7a8bd31a:   cc cc cc cc cc cc 44 89 ca 44 89 c0 44 8b 44 24
0x00007ffd7a8bd32a:   28 4c 8b 4c 24 30 48 8b 09 48 8b 49 18 4c 8b 91
0x00007ffd7a8bd33a:   f8 01 00 00 89 c1 49 ff e2 cc cc cc cc cc cc cc
0x00007ffd7a8bd34a:   cc cc cc cc cc cc 48 8b 01 48 8b 40 18 48 ff a0
0x00007ffd7a8bd35a:   98 02 00 00 cc cc 48 8b 01 48 8b 40 18 48 ff a0
0x00007ffd7a8bd36a:   a0 02 00 00 cc cc 48 8b 01 48 8b 40 18 44 89 c1
0x00007ffd7a8bd37a:   48 ff a0 c8 02 00 00 cc cc cc cc cc cc cc cc cc
0x00007ffd7a8bd38a:   cc cc cc cc cc cc 4c 89 ca 48 8b 01 48 8b 40 18
0x00007ffd7a8bd39a:   48 8b 80 d8 02 00 00 44 89 c1 48 ff e0 cc cc cc
0x00007ffd7a8bd3aa:   cc cc cc cc cc cc 4c 89 ca 48 8b 01 48 8b 40 18
0x00007ffd7a8bd3ba:   48 8b 80 e0 02 00 00 44 89 c1 48 ff e0 cc cc cc
0x00007ffd7a8bd3ca:   cc cc cc cc cc cc 4c 89 ca 48 8b 01 48 8b 40 18
0x00007ffd7a8bd3da:   48 8b 80 f0 02 00 00 44 89 c1 48 ff e0 cc cc cc
0x00007ffd7a8bd3ea:   cc cc cc cc cc cc 4c 89 ca 48 8b 01 48 8b 40 18
0x00007ffd7a8bd3fa:   48 8b 80 f8 02 00 00 44 89 c1 48 ff e0 cc cc cc
0x00007ffd7a8bd40a:   cc cc cc cc cc cc 4c 89 ca 48 8b 01 48 8b 40 18
0x00007ffd7a8bd41a:   48 8b 80 00 03 00 00 44 89 c1 48 ff e0 cc cc cc
0x00007ffd7a8bd42a:   cc cc cc cc cc cc 4c 89 ca 48 8b 01 48 8b 40 18
0x00007ffd7a8bd43a:   48 8b 80 08 03 00 00 44 89 c1 48 ff e0 cc cc cc
0x00007ffd7a8bd44a:   cc cc cc cc cc cc 48 8b 01 48 8b 40 18 48 ff a0
0x00007ffd7a8bd45a:   10 03 00 00 cc cc 4c 89 ca 48 8b 01 48 8b 40 18
0x00007ffd7a8bd46a:   48 8b 80 68 03 00 00 44 89 c1 48 ff e0 cc cc cc
0x00007ffd7a8bd47a:   cc cc cc cc cc cc 48 8b 01 48 8b 40 18 44 89 c1
0x00007ffd7a8bd48a:   48 ff a0 78 03 00 00 cc cc cc cc cc cc cc cc cc 


Stack slot to memory mapping:
stack at sp + 0 slots: 0x00000224b9c8d621 is at code_begin+993 in an Interpreter codelet
method entry point (kind = native)  [0x00000224b9c8d240, 0x00000224b9c8dbc0]  2432 bytes
stack at sp + 1 slots: 0x0000000000000001 is an unknown value
stack at sp + 2 slots: 0x00000224b9c8d33c is at code_begin+252 in an Interpreter codelet
method entry point (kind = native)  [0x00000224b9c8d240, 0x00000224b9c8dbc0]  2432 bytes
stack at sp + 3 slots: {method} {0x0000022519883778} 'nglGenTextures' '(IJ)V' in 'org/lwjgl/opengl/GL11C'
stack at sp + 4 slots: 0x00000225197fe280 is pointing into metadata
stack at sp + 5 slots: 0x000000d5c37fee18 is pointing into the stack for thread: 0x00000224aaf8f1b0
stack at sp + 6 slots: 0x000000d5c37fee80 is pointing into the stack for thread: 0x00000224aaf8f1b0
stack at sp + 7 slots: 0x00000224b9c895cd is at code_begin+1325 in an Interpreter codelet
return entry points  [0x00000224b9c890a0, 0x00000224b9c89ba0]  2816 bytes


---------------  P R O C E S S  ---------------

Threads class SMR info:
_java_thread_list=0x0000022520134de0, length=17, elements={
0x00000224aaf8f1b0, 0x00000224d6bc6630, 0x00000224d6bc6ff0, 0x00000224d6bd8350,
0x00000224d6bd8c20, 0x00000224d6bdccb0, 0x00000224d6bdd580, 0x00000224d6be55c0,
0x00000224d6bdeb90, 0x00000224d6bea2d0, 0x00000224d6bb0010, 0x00000224d7a2e980,
0x00000224d7a344d0, 0x00000224d7a8dc80, 0x00000224d7bee4b0, 0x00000224d7bee990,
0x000002251da1ba40
}

Java Threads: ( => current thread )
=>0x00000224aaf8f1b0 JavaThread "main" [_thread_in_native, id=11700, stack(0x000000d5c3700000,0x000000d5c3800000)]
  0x00000224d6bc6630 JavaThread "Reference Handler" daemon [_thread_blocked, id=41388, stack(0x000000d5c3e00000,0x000000d5c3f00000)]
  0x00000224d6bc6ff0 JavaThread "Finalizer" daemon [_thread_blocked, id=41192, stack(0x000000d5c3f00000,0x000000d5c4000000)]
  0x00000224d6bd8350 JavaThread "Signal Dispatcher" daemon [_thread_blocked, id=25552, stack(0x000000d5c4000000,0x000000d5c4100000)]
  0x00000224d6bd8c20 JavaThread "Attach Listener" daemon [_thread_blocked, id=45576, stack(0x000000d5c4100000,0x000000d5c4200000)]
  0x00000224d6bdccb0 JavaThread "Service Thread" daemon [_thread_blocked, id=26660, stack(0x000000d5c4200000,0x000000d5c4300000)]
  0x00000224d6bdd580 JavaThread "Monitor Deflation Thread" daemon [_thread_blocked, id=46920, stack(0x000000d5c4300000,0x000000d5c4400000)]
  0x00000224d6be55c0 JavaThread "C2 CompilerThread0" daemon [_thread_blocked, id=75364, stack(0x000000d5c4400000,0x000000d5c4500000)]
  0x00000224d6bdeb90 JavaThread "C1 CompilerThread0" daemon [_thread_blocked, id=12036, stack(0x000000d5c4500000,0x000000d5c4600000)]
  0x00000224d6bea2d0 JavaThread "Sweeper thread" daemon [_thread_blocked, id=13928, stack(0x000000d5c4600000,0x000000d5c4700000)]
  0x00000224d6bb0010 JavaThread "Common-Cleaner" daemon [_thread_blocked, id=59500, stack(0x000000d5c4700000,0x000000d5c4800000)]
  0x00000224d7a2e980 JavaThread "C1 CompilerThread1" daemon [_thread_blocked, id=53148, stack(0x000000d5c4800000,0x000000d5c4900000)]
  0x00000224d7a344d0 JavaThread "C1 CompilerThread2" daemon [_thread_blocked, id=57312, stack(0x000000d5c4900000,0x000000d5c4a00000)]
  0x00000224d7a8dc80 JavaThread "C2 CompilerThread1" daemon [_thread_blocked, id=35200, stack(0x000000d5c4a00000,0x000000d5c4b00000)]
  0x00000224d7bee4b0 JavaThread "Monitor Ctrl-Break" daemon [_thread_in_native, id=59672, stack(0x000000d5c4c00000,0x000000d5c4d00000)]
  0x00000224d7bee990 JavaThread "Notification Thread" daemon [_thread_blocked, id=45664, stack(0x000000d5c4d00000,0x000000d5c4e00000)]
  0x000002251da1ba40 JavaThread "C1 CompilerThread3" daemon [_thread_blocked, id=21576, stack(0x000000d5c4f00000,0x000000d5c5000000)]

Other Threads:
  0x00000224d6bc24f0 VMThread "VM Thread" [stack: 0x000000d5c3d00000,0x000000d5c3e00000] [id=36368]
  0x000002251d36e250 WatcherThread [stack: 0x000000d5c4e00000,0x000000d5c4f00000] [id=45220]
  0x00000224ab03ad10 GCTaskThread "GC Thread#0" [stack: 0x000000d5c3800000,0x000000d5c3900000] [id=60360]
  0x000002251da330a0 GCTaskThread "GC Thread#1" [stack: 0x000000d5c5000000,0x000000d5c5100000] [id=5756]
  0x000002251da31d60 GCTaskThread "GC Thread#2" [stack: 0x000000d5c5100000,0x000000d5c5200000] [id=38032]
  0x000002251da325a0 GCTaskThread "GC Thread#3" [stack: 0x000000d5c5200000,0x000000d5c5300000] [id=56616]
  0x000002251da32de0 GCTaskThread "GC Thread#4" [stack: 0x000000d5c5300000,0x000000d5c5400000] [id=57036]
  0x000002251da32860 GCTaskThread "GC Thread#5" [stack: 0x000000d5c5400000,0x000000d5c5500000] [id=5872]
  0x000002251da32b20 GCTaskThread "GC Thread#6" [stack: 0x000000d5c5500000,0x000000d5c5600000] [id=25264]
  0x000002251da31aa0 GCTaskThread "GC Thread#7" [stack: 0x000000d5c5600000,0x000000d5c5700000] [id=38424]
  0x000002251da32020 GCTaskThread "GC Thread#8" [stack: 0x000000d5c5700000,0x000000d5c5800000] [id=45180]
  0x000002251da33360 GCTaskThread "GC Thread#9" [stack: 0x000000d5c5800000,0x000000d5c5900000] [id=60740]
  0x000002251da317e0 GCTaskThread "GC Thread#10" [stack: 0x000000d5c5900000,0x000000d5c5a00000] [id=35844]
  0x000002251dbfb230 GCTaskThread "GC Thread#11" [stack: 0x000000d5c5a00000,0x000000d5c5b00000] [id=24020]
  0x00000224ab04c4c0 ConcurrentGCThread "G1 Main Marker" [stack: 0x000000d5c3900000,0x000000d5c3a00000] [id=28508]
  0x00000224ab04d570 ConcurrentGCThread "G1 Conc#0" [stack: 0x000000d5c3a00000,0x000000d5c3b00000] [id=13832]
  0x00000224d6aff3d0 ConcurrentGCThread "G1 Refine#0" [stack: 0x000000d5c3b00000,0x000000d5c3c00000] [id=42644]
  0x00000224d6b00d10 ConcurrentGCThread "G1 Service" [stack: 0x000000d5c3c00000,0x000000d5c3d00000] [id=47092]

Threads with active compile tasks:

VM state: not at safepoint (normal execution)

VM Mutex/Monitor currently owned by a thread: None

Heap address: 0x000000060d400000, size: 7980 MB, Compressed Oops mode: Zero based, Oop shift amount: 3

CDS archive(s) mapped at: [0x00000224d8000000-0x00000224d8bd0000-0x00000224d8bd0000), size 12386304, SharedBaseAddress: 0x00000224d8000000, ArchiveRelocationMode: 1.
Compressed class space mapped at: 0x00000224d9000000-0x0000022519000000, reserved size: 1073741824
Narrow klass base: 0x00000224d8000000, Narrow klass shift: 0, Narrow klass range: 0x100000000

GC Precious Log:
 CPUs: 16 total, 16 available
 Memory: 31904M
 Large Page Support: Disabled
 NUMA Support: Disabled
 Compressed Oops: Enabled (Zero based)
 Heap Region Size: 4M
 Heap Min Capacity: 8M
 Heap Initial Capacity: 500M
 Heap Max Capacity: 7980M
 Pre-touch: Disabled
 Parallel Workers: 13
 Concurrent Workers: 3
 Concurrent Refinement Workers: 13
 Periodic GC: Disabled

Heap:
 garbage-first heap   total 512000K, used 12707K [0x000000060d400000, 0x0000000800000000)
  region size 4096K, 5 young (20480K), 1 survivors (4096K)
 Metaspace       used 9712K, committed 9920K, reserved 1114112K
  class space    used 998K, committed 1088K, reserved 1048576K

Heap Regions: E=young(eden), S=young(survivor), O=old, HS=humongous(starts), HC=humongous(continues), CS=collection set, F=free, OA=open archive, CA=closed archive, TAMS=top-at-mark-start (previous, next)
|   0|0x000000060d400000, 0x000000060d468c00, 0x000000060d800000| 10%| O|  |TAMS 0x000000060d400000, 0x000000060d400000| Untracked 
|   1|0x000000060d800000, 0x000000060d800000, 0x000000060dc00000|  0%| F|  |TAMS 0x000000060d800000, 0x000000060d800000| Untracked 
|   2|0x000000060dc00000, 0x000000060dc00000, 0x000000060e000000|  0%| F|  |TAMS 0x000000060dc00000, 0x000000060dc00000| Untracked 
|   3|0x000000060e000000, 0x000000060e000000, 0x000000060e400000|  0%| F|  |TAMS 0x000000060e000000, 0x000000060e000000| Untracked 
|   4|0x000000060e400000, 0x000000060e400000, 0x000000060e800000|  0%| F|  |TAMS 0x000000060e400000, 0x000000060e400000| Untracked 
|   5|0x000000060e800000, 0x000000060e800000, 0x000000060ec00000|  0%| F|  |TAMS 0x000000060e800000, 0x000000060e800000| Untracked 
|   6|0x000000060ec00000, 0x000000060ec00000, 0x000000060f000000|  0%| F|  |TAMS 0x000000060ec00000, 0x000000060ec00000| Untracked 
|   7|0x000000060f000000, 0x000000060f000000, 0x000000060f400000|  0%| F|  |TAMS 0x000000060f000000, 0x000000060f000000| Untracked 
|   8|0x000000060f400000, 0x000000060f400000, 0x000000060f800000|  0%| F|  |TAMS 0x000000060f400000, 0x000000060f400000| Untracked 
|   9|0x000000060f800000, 0x000000060f800000, 0x000000060fc00000|  0%| F|  |TAMS 0x000000060f800000, 0x000000060f800000| Untracked 
|  10|0x000000060fc00000, 0x000000060fc00000, 0x0000000610000000|  0%| F|  |TAMS 0x000000060fc00000, 0x000000060fc00000| Untracked 
|  11|0x0000000610000000, 0x0000000610000000, 0x0000000610400000|  0%| F|  |TAMS 0x0000000610000000, 0x0000000610000000| Untracked 
|  12|0x0000000610400000, 0x0000000610400000, 0x0000000610800000|  0%| F|  |TAMS 0x0000000610400000, 0x0000000610400000| Untracked 
|  13|0x0000000610800000, 0x0000000610800000, 0x0000000610c00000|  0%| F|  |TAMS 0x0000000610800000, 0x0000000610800000| Untracked 
|  14|0x0000000610c00000, 0x0000000610c00000, 0x0000000611000000|  0%| F|  |TAMS 0x0000000610c00000, 0x0000000610c00000| Untracked 
|  15|0x0000000611000000, 0x0000000611000000, 0x0000000611400000|  0%| F|  |TAMS 0x0000000611000000, 0x0000000611000000| Untracked 
|  16|0x0000000611400000, 0x0000000611400000, 0x0000000611800000|  0%| F|  |TAMS 0x0000000611400000, 0x0000000611400000| Untracked 
|  17|0x0000000611800000, 0x0000000611800000, 0x0000000611c00000|  0%| F|  |TAMS 0x0000000611800000, 0x0000000611800000| Untracked 
|  18|0x0000000611c00000, 0x0000000611c00000, 0x0000000612000000|  0%| F|  |TAMS 0x0000000611c00000, 0x0000000611c00000| Untracked 
|  19|0x0000000612000000, 0x0000000612000000, 0x0000000612400000|  0%| F|  |TAMS 0x0000000612000000, 0x0000000612000000| Untracked 
|  20|0x0000000612400000, 0x0000000612400000, 0x0000000612800000|  0%| F|  |TAMS 0x0000000612400000, 0x0000000612400000| Untracked 
|  21|0x0000000612800000, 0x0000000612800000, 0x0000000612c00000|  0%| F|  |TAMS 0x0000000612800000, 0x0000000612800000| Untracked 
|  22|0x0000000612c00000, 0x0000000612c00000, 0x0000000613000000|  0%| F|  |TAMS 0x0000000612c00000, 0x0000000612c00000| Untracked 
|  23|0x0000000613000000, 0x0000000613000000, 0x0000000613400000|  0%| F|  |TAMS 0x0000000613000000, 0x0000000613000000| Untracked 
|  24|0x0000000613400000, 0x0000000613400000, 0x0000000613800000|  0%| F|  |TAMS 0x0000000613400000, 0x0000000613400000| Untracked 
|  25|0x0000000613800000, 0x0000000613800000, 0x0000000613c00000|  0%| F|  |TAMS 0x0000000613800000, 0x0000000613800000| Untracked 
|  26|0x0000000613c00000, 0x0000000613c00000, 0x0000000614000000|  0%| F|  |TAMS 0x0000000613c00000, 0x0000000613c00000| Untracked 
|  27|0x0000000614000000, 0x0000000614000000, 0x0000000614400000|  0%| F|  |TAMS 0x0000000614000000, 0x0000000614000000| Untracked 
|  28|0x0000000614400000, 0x0000000614400000, 0x0000000614800000|  0%| F|  |TAMS 0x0000000614400000, 0x0000000614400000| Untracked 
|  29|0x0000000614800000, 0x0000000614800000, 0x0000000614c00000|  0%| F|  |TAMS 0x0000000614800000, 0x0000000614800000| Untracked 
|  30|0x0000000614c00000, 0x0000000614c00000, 0x0000000615000000|  0%| F|  |TAMS 0x0000000614c00000, 0x0000000614c00000| Untracked 
|  31|0x0000000615000000, 0x0000000615000000, 0x0000000615400000|  0%| F|  |TAMS 0x0000000615000000, 0x0000000615000000| Untracked 
|  32|0x0000000615400000, 0x0000000615400000, 0x0000000615800000|  0%| F|  |TAMS 0x0000000615400000, 0x0000000615400000| Untracked 
|  33|0x0000000615800000, 0x0000000615800000, 0x0000000615c00000|  0%| F|  |TAMS 0x0000000615800000, 0x0000000615800000| Untracked 
|  34|0x0000000615c00000, 0x0000000615c00000, 0x0000000616000000|  0%| F|  |TAMS 0x0000000615c00000, 0x0000000615c00000| Untracked 
|  35|0x0000000616000000, 0x0000000616000000, 0x0000000616400000|  0%| F|  |TAMS 0x0000000616000000, 0x0000000616000000| Untracked 
|  36|0x0000000616400000, 0x0000000616400000, 0x0000000616800000|  0%| F|  |TAMS 0x0000000616400000, 0x0000000616400000| Untracked 
|  37|0x0000000616800000, 0x0000000616800000, 0x0000000616c00000|  0%| F|  |TAMS 0x0000000616800000, 0x0000000616800000| Untracked 
|  38|0x0000000616c00000, 0x0000000616c00000, 0x0000000617000000|  0%| F|  |TAMS 0x0000000616c00000, 0x0000000616c00000| Untracked 
|  39|0x0000000617000000, 0x0000000617000000, 0x0000000617400000|  0%| F|  |TAMS 0x0000000617000000, 0x0000000617000000| Untracked 
|  40|0x0000000617400000, 0x0000000617400000, 0x0000000617800000|  0%| F|  |TAMS 0x0000000617400000, 0x0000000617400000| Untracked 
|  41|0x0000000617800000, 0x0000000617800000, 0x0000000617c00000|  0%| F|  |TAMS 0x0000000617800000, 0x0000000617800000| Untracked 
|  42|0x0000000617c00000, 0x0000000617c00000, 0x0000000618000000|  0%| F|  |TAMS 0x0000000617c00000, 0x0000000617c00000| Untracked 
|  43|0x0000000618000000, 0x0000000618000000, 0x0000000618400000|  0%| F|  |TAMS 0x0000000618000000, 0x0000000618000000| Untracked 
|  44|0x0000000618400000, 0x0000000618400000, 0x0000000618800000|  0%| F|  |TAMS 0x0000000618400000, 0x0000000618400000| Untracked 
|  45|0x0000000618800000, 0x0000000618800000, 0x0000000618c00000|  0%| F|  |TAMS 0x0000000618800000, 0x0000000618800000| Untracked 
|  46|0x0000000618c00000, 0x0000000618c00000, 0x0000000619000000|  0%| F|  |TAMS 0x0000000618c00000, 0x0000000618c00000| Untracked 
|  47|0x0000000619000000, 0x0000000619000000, 0x0000000619400000|  0%| F|  |TAMS 0x0000000619000000, 0x0000000619000000| Untracked 
|  48|0x0000000619400000, 0x0000000619400000, 0x0000000619800000|  0%| F|  |TAMS 0x0000000619400000, 0x0000000619400000| Untracked 
|  49|0x0000000619800000, 0x0000000619800000, 0x0000000619c00000|  0%| F|  |TAMS 0x0000000619800000, 0x0000000619800000| Untracked 
|  50|0x0000000619c00000, 0x0000000619c00000, 0x000000061a000000|  0%| F|  |TAMS 0x0000000619c00000, 0x0000000619c00000| Untracked 
|  51|0x000000061a000000, 0x000000061a000000, 0x000000061a400000|  0%| F|  |TAMS 0x000000061a000000, 0x000000061a000000| Untracked 
|  52|0x000000061a400000, 0x000000061a400000, 0x000000061a800000|  0%| F|  |TAMS 0x000000061a400000, 0x000000061a400000| Untracked 
|  53|0x000000061a800000, 0x000000061a800000, 0x000000061ac00000|  0%| F|  |TAMS 0x000000061a800000, 0x000000061a800000| Untracked 
|  54|0x000000061ac00000, 0x000000061ac00000, 0x000000061b000000|  0%| F|  |TAMS 0x000000061ac00000, 0x000000061ac00000| Untracked 
|  55|0x000000061b000000, 0x000000061b000000, 0x000000061b400000|  0%| F|  |TAMS 0x000000061b000000, 0x000000061b000000| Untracked 
|  56|0x000000061b400000, 0x000000061b400000, 0x000000061b800000|  0%| F|  |TAMS 0x000000061b400000, 0x000000061b400000| Untracked 
|  57|0x000000061b800000, 0x000000061b800000, 0x000000061bc00000|  0%| F|  |TAMS 0x000000061b800000, 0x000000061b800000| Untracked 
|  58|0x000000061bc00000, 0x000000061bc00000, 0x000000061c000000|  0%| F|  |TAMS 0x000000061bc00000, 0x000000061bc00000| Untracked 
|  59|0x000000061c000000, 0x000000061c000000, 0x000000061c400000|  0%| F|  |TAMS 0x000000061c000000, 0x000000061c000000| Untracked 
|  60|0x000000061c400000, 0x000000061c400000, 0x000000061c800000|  0%| F|  |TAMS 0x000000061c400000, 0x000000061c400000| Untracked 
|  61|0x000000061c800000, 0x000000061c800000, 0x000000061cc00000|  0%| F|  |TAMS 0x000000061c800000, 0x000000061c800000| Untracked 
|  62|0x000000061cc00000, 0x000000061cc00000, 0x000000061d000000|  0%| F|  |TAMS 0x000000061cc00000, 0x000000061cc00000| Untracked 
|  63|0x000000061d000000, 0x000000061d000000, 0x000000061d400000|  0%| F|  |TAMS 0x000000061d000000, 0x000000061d000000| Untracked 
|  64|0x000000061d400000, 0x000000061d400000, 0x000000061d800000|  0%| F|  |TAMS 0x000000061d400000, 0x000000061d400000| Untracked 
|  65|0x000000061d800000, 0x000000061d800000, 0x000000061dc00000|  0%| F|  |TAMS 0x000000061d800000, 0x000000061d800000| Untracked 
|  66|0x000000061dc00000, 0x000000061dc00000, 0x000000061e000000|  0%| F|  |TAMS 0x000000061dc00000, 0x000000061dc00000| Untracked 
|  67|0x000000061e000000, 0x000000061e000000, 0x000000061e400000|  0%| F|  |TAMS 0x000000061e000000, 0x000000061e000000| Untracked 
|  68|0x000000061e400000, 0x000000061e400000, 0x000000061e800000|  0%| F|  |TAMS 0x000000061e400000, 0x000000061e400000| Untracked 
|  69|0x000000061e800000, 0x000000061e800000, 0x000000061ec00000|  0%| F|  |TAMS 0x000000061e800000, 0x000000061e800000| Untracked 
|  70|0x000000061ec00000, 0x000000061ec00000, 0x000000061f000000|  0%| F|  |TAMS 0x000000061ec00000, 0x000000061ec00000| Untracked 
|  71|0x000000061f000000, 0x000000061f000000, 0x000000061f400000|  0%| F|  |TAMS 0x000000061f000000, 0x000000061f000000| Untracked 
|  72|0x000000061f400000, 0x000000061f400000, 0x000000061f800000|  0%| F|  |TAMS 0x000000061f400000, 0x000000061f400000| Untracked 
|  73|0x000000061f800000, 0x000000061f800000, 0x000000061fc00000|  0%| F|  |TAMS 0x000000061f800000, 0x000000061f800000| Untracked 
|  74|0x000000061fc00000, 0x000000061fc00000, 0x0000000620000000|  0%| F|  |TAMS 0x000000061fc00000, 0x000000061fc00000| Untracked 
|  75|0x0000000620000000, 0x0000000620000000, 0x0000000620400000|  0%| F|  |TAMS 0x0000000620000000, 0x0000000620000000| Untracked 
|  76|0x0000000620400000, 0x0000000620400000, 0x0000000620800000|  0%| F|  |TAMS 0x0000000620400000, 0x0000000620400000| Untracked 
|  77|0x0000000620800000, 0x0000000620800000, 0x0000000620c00000|  0%| F|  |TAMS 0x0000000620800000, 0x0000000620800000| Untracked 
|  78|0x0000000620c00000, 0x0000000620c00000, 0x0000000621000000|  0%| F|  |TAMS 0x0000000620c00000, 0x0000000620c00000| Untracked 
|  79|0x0000000621000000, 0x0000000621000000, 0x0000000621400000|  0%| F|  |TAMS 0x0000000621000000, 0x0000000621000000| Untracked 
|  80|0x0000000621400000, 0x0000000621400000, 0x0000000621800000|  0%| F|  |TAMS 0x0000000621400000, 0x0000000621400000| Untracked 
|  81|0x0000000621800000, 0x0000000621800000, 0x0000000621c00000|  0%| F|  |TAMS 0x0000000621800000, 0x0000000621800000| Untracked 
|  82|0x0000000621c00000, 0x0000000621c00000, 0x0000000622000000|  0%| F|  |TAMS 0x0000000621c00000, 0x0000000621c00000| Untracked 
|  83|0x0000000622000000, 0x0000000622000000, 0x0000000622400000|  0%| F|  |TAMS 0x0000000622000000, 0x0000000622000000| Untracked 
|  84|0x0000000622400000, 0x0000000622400000, 0x0000000622800000|  0%| F|  |TAMS 0x0000000622400000, 0x0000000622400000| Untracked 
|  85|0x0000000622800000, 0x0000000622800000, 0x0000000622c00000|  0%| F|  |TAMS 0x0000000622800000, 0x0000000622800000| Untracked 
|  86|0x0000000622c00000, 0x0000000622c00000, 0x0000000623000000|  0%| F|  |TAMS 0x0000000622c00000, 0x0000000622c00000| Untracked 
|  87|0x0000000623000000, 0x0000000623000000, 0x0000000623400000|  0%| F|  |TAMS 0x0000000623000000, 0x0000000623000000| Untracked 
|  88|0x0000000623400000, 0x0000000623400000, 0x0000000623800000|  0%| F|  |TAMS 0x0000000623400000, 0x0000000623400000| Untracked 
|  89|0x0000000623800000, 0x0000000623800000, 0x0000000623c00000|  0%| F|  |TAMS 0x0000000623800000, 0x0000000623800000| Untracked 
|  90|0x0000000623c00000, 0x0000000623c00000, 0x0000000624000000|  0%| F|  |TAMS 0x0000000623c00000, 0x0000000623c00000| Untracked 
|  91|0x0000000624000000, 0x0000000624000000, 0x0000000624400000|  0%| F|  |TAMS 0x0000000624000000, 0x0000000624000000| Untracked 
|  92|0x0000000624400000, 0x0000000624400000, 0x0000000624800000|  0%| F|  |TAMS 0x0000000624400000, 0x0000000624400000| Untracked 
|  93|0x0000000624800000, 0x0000000624800000, 0x0000000624c00000|  0%| F|  |TAMS 0x0000000624800000, 0x0000000624800000| Untracked 
|  94|0x0000000624c00000, 0x0000000624c00000, 0x0000000625000000|  0%| F|  |TAMS 0x0000000624c00000, 0x0000000624c00000| Untracked 
|  95|0x0000000625000000, 0x0000000625000000, 0x0000000625400000|  0%| F|  |TAMS 0x0000000625000000, 0x0000000625000000| Untracked 
|  96|0x0000000625400000, 0x0000000625400000, 0x0000000625800000|  0%| F|  |TAMS 0x0000000625400000, 0x0000000625400000| Untracked 
|  97|0x0000000625800000, 0x0000000625800000, 0x0000000625c00000|  0%| F|  |TAMS 0x0000000625800000, 0x0000000625800000| Untracked 
|  98|0x0000000625c00000, 0x0000000625c00000, 0x0000000626000000|  0%| F|  |TAMS 0x0000000625c00000, 0x0000000625c00000| Untracked 
|  99|0x0000000626000000, 0x0000000626000000, 0x0000000626400000|  0%| F|  |TAMS 0x0000000626000000, 0x0000000626000000| Untracked 
| 100|0x0000000626400000, 0x0000000626400000, 0x0000000626800000|  0%| F|  |TAMS 0x0000000626400000, 0x0000000626400000| Untracked 
| 101|0x0000000626800000, 0x0000000626800000, 0x0000000626c00000|  0%| F|  |TAMS 0x0000000626800000, 0x0000000626800000| Untracked 
| 102|0x0000000626c00000, 0x0000000626c00000, 0x0000000627000000|  0%| F|  |TAMS 0x0000000626c00000, 0x0000000626c00000| Untracked 
| 103|0x0000000627000000, 0x0000000627000000, 0x0000000627400000|  0%| F|  |TAMS 0x0000000627000000, 0x0000000627000000| Untracked 
| 104|0x0000000627400000, 0x0000000627400000, 0x0000000627800000|  0%| F|  |TAMS 0x0000000627400000, 0x0000000627400000| Untracked 
| 105|0x0000000627800000, 0x0000000627800000, 0x0000000627c00000|  0%| F|  |TAMS 0x0000000627800000, 0x0000000627800000| Untracked 
| 106|0x0000000627c00000, 0x0000000627c00000, 0x0000000628000000|  0%| F|  |TAMS 0x0000000627c00000, 0x0000000627c00000| Untracked 
| 107|0x0000000628000000, 0x0000000628000000, 0x0000000628400000|  0%| F|  |TAMS 0x0000000628000000, 0x0000000628000000| Untracked 
| 108|0x0000000628400000, 0x0000000628400000, 0x0000000628800000|  0%| F|  |TAMS 0x0000000628400000, 0x0000000628400000| Untracked 
| 109|0x0000000628800000, 0x0000000628800000, 0x0000000628c00000|  0%| F|  |TAMS 0x0000000628800000, 0x0000000628800000| Untracked 
| 110|0x0000000628c00000, 0x0000000628c00000, 0x0000000629000000|  0%| F|  |TAMS 0x0000000628c00000, 0x0000000628c00000| Untracked 
| 111|0x0000000629000000, 0x0000000629000000, 0x0000000629400000|  0%| F|  |TAMS 0x0000000629000000, 0x0000000629000000| Untracked 
| 112|0x0000000629400000, 0x0000000629400000, 0x0000000629800000|  0%| F|  |TAMS 0x0000000629400000, 0x0000000629400000| Untracked 
| 113|0x0000000629800000, 0x0000000629800000, 0x0000000629c00000|  0%| F|  |TAMS 0x0000000629800000, 0x0000000629800000| Untracked 
| 114|0x0000000629c00000, 0x0000000629c00000, 0x000000062a000000|  0%| F|  |TAMS 0x0000000629c00000, 0x0000000629c00000| Untracked 
| 115|0x000000062a000000, 0x000000062a000000, 0x000000062a400000|  0%| F|  |TAMS 0x000000062a000000, 0x000000062a000000| Untracked 
| 116|0x000000062a400000, 0x000000062a400000, 0x000000062a800000|  0%| F|  |TAMS 0x000000062a400000, 0x000000062a400000| Untracked 
| 117|0x000000062a800000, 0x000000062a800000, 0x000000062ac00000|  0%| F|  |TAMS 0x000000062a800000, 0x000000062a800000| Untracked 
| 118|0x000000062ac00000, 0x000000062b000000, 0x000000062b000000|100%| S|CS|TAMS 0x000000062ac00000, 0x000000062ac00000| Complete 
| 119|0x000000062b000000, 0x000000062b000000, 0x000000062b400000|  0%| F|  |TAMS 0x000000062b000000, 0x000000062b000000| Untracked 
| 120|0x000000062b400000, 0x000000062b400000, 0x000000062b800000|  0%| F|  |TAMS 0x000000062b400000, 0x000000062b400000| Untracked 
| 121|0x000000062b800000, 0x000000062b9da500, 0x000000062bc00000| 46%| E|  |TAMS 0x000000062b800000, 0x000000062b800000| Complete 
| 122|0x000000062bc00000, 0x000000062c000000, 0x000000062c000000|100%| E|  |TAMS 0x000000062bc00000, 0x000000062bc00000| Complete 
| 123|0x000000062c000000, 0x000000062c400000, 0x000000062c400000|100%| E|CS|TAMS 0x000000062c000000, 0x000000062c000000| Complete 
| 124|0x000000062c400000, 0x000000062c800000, 0x000000062c800000|100%| E|CS|TAMS 0x000000062c400000, 0x000000062c400000| Complete 

Card table byte_map: [0x00000224c3050000,0x00000224c3ff0000] _byte_map_base: 0x00000224bffe6000

Marking Bits (Prev, Next): (CMBitMap*) 0x00000224ab03c240, (CMBitMap*) 0x00000224ab03c280
 Prev Bits: [0x00000224c4f90000, 0x00000224ccc40000)
 Next Bits: [0x00000224ccc40000, 0x00000224d48f0000)

Polling page: 0x00000224a8f10000

Metaspace:

Usage:
  Non-class:      8.51 MB used.
      Class:    998.69 KB used.
       Both:      9.49 MB used.

Virtual space:
  Non-class space:       64.00 MB reserved,       8.62 MB ( 13%) committed,  1 nodes.
      Class space:        1.00 GB reserved,       1.06 MB ( <1%) committed,  1 nodes.
             Both:        1.06 GB reserved,       9.69 MB ( <1%) committed. 

Chunk freelists:
   Non-Class:  6.44 MB
       Class:  14.95 MB
        Both:  21.39 MB

MaxMetaspaceSize: unlimited
CompressedClassSpaceSize: 1.00 GB
Initial GC threshold: 21.00 MB
Current GC threshold: 21.00 MB
CDS: on
MetaspaceReclaimPolicy: balanced
 - commit_granule_bytes: 65536.
 - commit_granule_words: 8192.
 - virtual_space_node_default_size: 8388608.
 - enlarge_chunks_in_place: 1.
 - new_chunks_are_fully_committed: 0.
 - uncommit_free_chunks: 1.
 - use_allocation_guard: 0.
 - handle_deallocations: 1.


Internal statistics:

num_allocs_failed_limit: 0.
num_arena_births: 152.
num_arena_deaths: 0.
num_vsnodes_births: 2.
num_vsnodes_deaths: 0.
num_space_committed: 155.
num_space_uncommitted: 0.
num_chunks_returned_to_freelist: 0.
num_chunks_taken_from_freelist: 371.
num_chunk_merges: 0.
num_chunk_splits: 254.
num_chunks_enlarged: 183.
num_inconsistent_stats: 0.

CodeHeap 'non-profiled nmethods': size=119168Kb used=733Kb max_used=733Kb free=118434Kb
 bounds [0x00000224ba3d0000, 0x00000224ba640000, 0x00000224c1830000]
CodeHeap 'profiled nmethods': size=119104Kb used=3172Kb max_used=3172Kb free=115931Kb
 bounds [0x00000224b2830000, 0x00000224b2b50000, 0x00000224b9c80000]
CodeHeap 'non-nmethods': size=7488Kb used=3371Kb max_used=3385Kb free=4116Kb
 bounds [0x00000224b9c80000, 0x00000224b9fe0000, 0x00000224ba3d0000]
 total_blobs=2803 nmethods=1677 adapters=1036
 compilation: enabled
              stopped_count=0, restarted_count=0
 full_count=0

Compilation events (20 events):
Event: 0.565 Thread 0x00000224d7a344d0 1668       3       sun.security.provider.DigestBase::engineUpdate (189 bytes)
Event: 0.565 Thread 0x00000224d6bdeb90 1669       3       java.security.MessageDigest::update (45 bytes)
Event: 0.565 Thread 0x00000224d7a2e980 1670       3       java.security.MessageDigest$Delegate::engineUpdate (11 bytes)
Event: 0.565 Thread 0x000002251da1ba40 1671       3       sun.security.provider.DigestBase::implCompressMultiBlock (15 bytes)
Event: 0.565 Thread 0x00000224d7a2e980 nmethod 1670 0x00000224b2b44b90 code [0x00000224b2b44d40, 0x00000224b2b44f28]
Event: 0.565 Thread 0x00000224d7a2e980 1672       3       sun.security.provider.DigestBase::implCompressMultiBlockCheck (67 bytes)
Event: 0.565 Thread 0x00000224d6bdeb90 nmethod 1669 0x00000224b2b45010 code [0x00000224b2b45200, 0x00000224b2b456e8]
Event: 0.565 Thread 0x000002251da1ba40 nmethod 1671 0x00000224b2b45890 code [0x00000224b2b45a60, 0x00000224b2b45dd8]
Event: 0.565 Thread 0x00000224d7a2e980 nmethod 1672 0x00000224b2b45f10 code [0x00000224b2b46100, 0x00000224b2b46668]
Event: 0.565 Thread 0x00000224d7a344d0 nmethod 1668 0x00000224b2b46890 code [0x00000224b2b46b00, 0x00000224b2b477f8]
Event: 0.566 Thread 0x00000224d7a344d0 1673       3       sun.misc.Unsafe::putLong (11 bytes)
Event: 0.566 Thread 0x00000224d6bdeb90 1674       3       org.lwjgl.system.MemoryUtil::memPutAddress (29 bytes)
Event: 0.566 Thread 0x00000224d7a344d0 nmethod 1673 0x00000224b2b47b90 code [0x00000224b2b47d20, 0x00000224b2b47e38]
Event: 0.566 Thread 0x00000224d6be55c0 1675       4       java.lang.Integer::toUnsignedLong (7 bytes)
Event: 0.566 Thread 0x00000224d6bdeb90 nmethod 1674 0x00000224b2b47f10 code [0x00000224b2b480c0, 0x00000224b2b482b8]
Event: 0.566 Thread 0x00000224d7a8dc80 1676       4       sun.misc.Unsafe::putLong (11 bytes)
Event: 0.566 Thread 0x00000224d6be55c0 nmethod 1675 0x00000224ba486f10 code [0x00000224ba487080, 0x00000224ba4870d8]
Event: 0.566 Thread 0x00000224d6bdeb90 1677       3       sun.net.www.ParseUtil::firstEncodeIndex (86 bytes)
Event: 0.566 Thread 0x00000224d7a8dc80 nmethod 1676 0x00000224ba487210 code [0x00000224ba487380, 0x00000224ba487418]
Event: 0.567 Thread 0x00000224d6bdeb90 nmethod 1677 0x00000224b2b48390 code [0x00000224b2b485e0, 0x00000224b2b48fc8]

GC Heap History (2 events):
Event: 0.254 GC heap before
{Heap before GC invocations=0 (full 0):
 garbage-first heap   total 512000K, used 24576K [0x000000060d400000, 0x0000000800000000)
  region size 4096K, 6 young (24576K), 0 survivors (0K)
 Metaspace       used 4866K, committed 5056K, reserved 1114112K
  class space    used 560K, committed 640K, reserved 1048576K
}
Event: 0.256 GC heap after
{Heap after GC invocations=1 (full 0):
 garbage-first heap   total 512000K, used 4515K [0x000000060d400000, 0x0000000800000000)
  region size 4096K, 1 young (4096K), 1 survivors (4096K)
 Metaspace       used 4866K, committed 5056K, reserved 1114112K
  class space    used 560K, committed 640K, reserved 1048576K
}

Deoptimization events (20 events):
Event: 0.372 Thread 0x00000224aaf8f1b0 Uncommon trap: trap_request=0xffffff45 fr.pc=0x00000224ba458070 relative=0x00000000000042b0
Event: 0.372 Thread 0x00000224aaf8f1b0 Uncommon trap: reason=unstable_if action=reinterpret pc=0x00000224ba458070 method=java.util.jar.JarFile.getVersionedEntry(Ljava/lang/String;Ljava/util/jar/JarEntry;)Ljava/util/jar/JarEntry; @ 26 c2
Event: 0.372 Thread 0x00000224aaf8f1b0 DEOPT PACKING pc=0x00000224ba458070 sp=0x000000d5c37fb9b0
Event: 0.372 Thread 0x00000224aaf8f1b0 DEOPT UNPACKING pc=0x00000224b9cd5ba3 sp=0x000000d5c37fb990 mode 2
Event: 0.375 Thread 0x00000224aaf8f1b0 Uncommon trap: trap_request=0xffffff45 fr.pc=0x00000224ba439a3c relative=0x0000000000001d1c
Event: 0.375 Thread 0x00000224aaf8f1b0 Uncommon trap: reason=unstable_if action=reinterpret pc=0x00000224ba439a3c method=java.util.jar.JarFile.getVersionedEntry(Ljava/lang/String;Ljava/util/jar/JarEntry;)Ljava/util/jar/JarEntry; @ 26 c2
Event: 0.375 Thread 0x00000224aaf8f1b0 DEOPT PACKING pc=0x00000224ba439a3c sp=0x000000d5c37fbab0
Event: 0.375 Thread 0x00000224aaf8f1b0 DEOPT UNPACKING pc=0x00000224b9cd5ba3 sp=0x000000d5c37fbad8 mode 2
Event: 0.377 Thread 0x00000224aaf8f1b0 Uncommon trap: trap_request=0xffffff45 fr.pc=0x00000224ba3ee740 relative=0x0000000000000040
Event: 0.377 Thread 0x00000224aaf8f1b0 Uncommon trap: reason=unstable_if action=reinterpret pc=0x00000224ba3ee740 method=sun.nio.fs.WindowsPathParser.isSlash(C)Z @ 9 c2
Event: 0.377 Thread 0x00000224aaf8f1b0 DEOPT PACKING pc=0x00000224ba3ee740 sp=0x000000d5c37fb930
Event: 0.377 Thread 0x00000224aaf8f1b0 DEOPT UNPACKING pc=0x00000224b9cd5ba3 sp=0x000000d5c37fb8b8 mode 2
Event: 0.553 Thread 0x00000224aaf8f1b0 Uncommon trap: trap_request=0xffffff45 fr.pc=0x00000224ba41c980 relative=0x0000000000000060
Event: 0.553 Thread 0x00000224aaf8f1b0 Uncommon trap: reason=unstable_if action=reinterpret pc=0x00000224ba41c980 method=sun.net.www.ParseUtil.firstEncodeIndex(Ljava/lang/String;)I @ 51 c2
Event: 0.553 Thread 0x00000224aaf8f1b0 DEOPT PACKING pc=0x00000224ba41c980 sp=0x000000d5c37fd3a0
Event: 0.553 Thread 0x00000224aaf8f1b0 DEOPT UNPACKING pc=0x00000224b9cd5ba3 sp=0x000000d5c37fd328 mode 2
Event: 0.567 Thread 0x00000224aaf8f1b0 Uncommon trap: trap_request=0xffffff54 fr.pc=0x00000224ba4873e0 relative=0x0000000000000060
Event: 0.567 Thread 0x00000224aaf8f1b0 Uncommon trap: reason=speculate_null_assert action=make_not_entrant pc=0x00000224ba4873e0 method=sun.misc.Unsafe.putLong(Ljava/lang/Object;JJ)V @ 7 c2
Event: 0.567 Thread 0x00000224aaf8f1b0 DEOPT PACKING pc=0x00000224ba4873e0 sp=0x000000d5c37fed30
Event: 0.567 Thread 0x00000224aaf8f1b0 DEOPT UNPACKING pc=0x00000224b9cd5ba3 sp=0x000000d5c37feca8 mode 2

Classes unloaded (0 events):
No events

Classes redefined (0 events):
No events

Internal exceptions (20 events):
Event: 0.366 Thread 0x00000224aaf8f1b0 Exception <a 'java/lang/NoSuchMethodError'{0x000000062bdf7860}: 'java.lang.Object java.lang.invoke.DirectMethodHandle$Holder.invokeStatic(java.lang.Object, java.lang.Object, int)'> (0x000000062bdf7860) 
thrown [s\open\src\hotspot\share\interpreter\linkResolver.cpp, line 759]
Event: 0.366 Thread 0x00000224aaf8f1b0 Exception <a 'java/lang/NoSuchMethodError'{0x000000062be03550}: 'void java.lang.invoke.DelegatingMethodHandle$Holder.delegate(java.lang.Object, java.lang.Object, int, java.lang.Object)'> (0x000000062be03550) 
thrown [s\open\src\hotspot\share\interpreter\linkResolver.cpp, line 759]
Event: 0.377 Thread 0x00000224aaf8f1b0 Exception <a 'sun/nio/fs/WindowsException'{0x000000062be4bbd8}> (0x000000062be4bbd8) 
thrown [s\open\src\hotspot\share\prims\jni.cpp, line 516]
Event: 0.377 Thread 0x00000224aaf8f1b0 Exception <a 'sun/nio/fs/WindowsException'{0x000000062be4c128}> (0x000000062be4c128) 
thrown [s\open\src\hotspot\share\prims\jni.cpp, line 516]
Event: 0.399 Thread 0x00000224aaf8f1b0 Exception <a 'java/lang/NoSuchMethodError'{0x000000062bf33f50}: 'int java.lang.invoke.DirectMethodHandle$Holder.invokeStaticInit(java.lang.Object, java.lang.Object, int, long)'> (0x000000062bf33f50) 
thrown [s\open\src\hotspot\share\interpreter\linkResolver.cpp, line 759]
Event: 0.399 Thread 0x00000224aaf8f1b0 Exception <a 'java/lang/NoSuchMethodError'{0x000000062bf39b28}: 'java.lang.Object java.lang.invoke.DirectMethodHandle$Holder.newInvokeSpecial(java.lang.Object, java.lang.Object, int)'> (0x000000062bf39b28) 
thrown [s\open\src\hotspot\share\interpreter\linkResolver.cpp, line 759]
Event: 0.400 Thread 0x00000224aaf8f1b0 Exception <a 'java/lang/NoSuchMethodError'{0x000000062bf48870}: 'int java.lang.invoke.DirectMethodHandle$Holder.invokeStaticInit(java.lang.Object, java.lang.Object, long, long)'> (0x000000062bf48870) 
thrown [s\open\src\hotspot\share\interpreter\linkResolver.cpp, line 759]
Event: 0.400 Thread 0x00000224aaf8f1b0 Exception <a 'java/lang/NoSuchMethodError'{0x000000062bf4e520}: 'java.lang.Object java.lang.invoke.DirectMethodHandle$Holder.newInvokeSpecial(java.lang.Object, java.lang.Object, long)'> (0x000000062bf4e520) 
thrown [s\open\src\hotspot\share\interpreter\linkResolver.cpp, line 759]
Event: 0.400 Thread 0x00000224aaf8f1b0 Exception <a 'java/lang/NoSuchMethodError'{0x000000062bf51de8}: 'java.lang.Object java.lang.invoke.Invokers$Holder.linkToTargetMethod(java.lang.Object, long, java.lang.Object)'> (0x000000062bf51de8) 
thrown [s\open\src\hotspot\share\interpreter\linkResolver.cpp, line 759]
Event: 0.400 Thread 0x00000224aaf8f1b0 Exception <a 'java/lang/NoSuchMethodError'{0x000000062bf592b8}: 'int java.lang.invoke.DirectMethodHandle$Holder.invokeStaticInit(java.lang.Object, java.lang.Object, java.lang.Object, long)'> (0x000000062bf592b8) 
thrown [s\open\src\hotspot\share\interpreter\linkResolver.cpp, line 759]
Event: 0.407 Thread 0x00000224aaf8f1b0 Exception <a 'sun/nio/fs/WindowsException'{0x000000062bfc5ef0}> (0x000000062bfc5ef0) 
thrown [s\open\src\hotspot\share\prims\jni.cpp, line 516]
Event: 0.407 Thread 0x00000224aaf8f1b0 Exception <a 'sun/nio/fs/WindowsException'{0x000000062bfc6280}> (0x000000062bfc6280) 
thrown [s\open\src\hotspot\share\prims\jni.cpp, line 516]
Event: 0.417 Thread 0x00000224aaf8f1b0 Exception <a 'sun/nio/fs/WindowsException'{0x000000062b86dd10}> (0x000000062b86dd10) 
thrown [s\open\src\hotspot\share\prims\jni.cpp, line 516]
Event: 0.417 Thread 0x00000224aaf8f1b0 Exception <a 'sun/nio/fs/WindowsException'{0x000000062b86e070}> (0x000000062b86e070) 
thrown [s\open\src\hotspot\share\prims\jni.cpp, line 516]
Event: 0.556 Thread 0x00000224aaf8f1b0 Exception <a 'sun/nio/fs/WindowsException'{0x000000062b8f46c0}> (0x000000062b8f46c0) 
thrown [s\open\src\hotspot\share\prims\jni.cpp, line 516]
Event: 0.556 Thread 0x00000224aaf8f1b0 Exception <a 'sun/nio/fs/WindowsException'{0x000000062b8f4a40}> (0x000000062b8f4a40) 
thrown [s\open\src\hotspot\share\prims\jni.cpp, line 516]
Event: 0.564 Thread 0x00000224aaf8f1b0 Exception <a 'sun/nio/fs/WindowsException'{0x000000062b978c50}> (0x000000062b978c50) 
thrown [s\open\src\hotspot\share\prims\jni.cpp, line 516]
Event: 0.564 Thread 0x00000224aaf8f1b0 Exception <a 'sun/nio/fs/WindowsException'{0x000000062b978ff0}> (0x000000062b978ff0) 
thrown [s\open\src\hotspot\share\prims\jni.cpp, line 516]
Event: 0.566 Thread 0x00000224aaf8f1b0 Exception <a 'sun/nio/fs/WindowsException'{0x000000062b98c860}> (0x000000062b98c860) 
thrown [s\open\src\hotspot\share\prims\jni.cpp, line 516]
Event: 0.566 Thread 0x00000224aaf8f1b0 Exception <a 'sun/nio/fs/WindowsException'{0x000000062b98cb30}> (0x000000062b98cb30) 
thrown [s\open\src\hotspot\share\prims\jni.cpp, line 516]

VM Operations (20 events):
Event: 0.106 Executing VM operation: HandshakeAllThreads
Event: 0.106 Executing VM operation: HandshakeAllThreads done
Event: 0.107 Executing VM operation: HandshakeAllThreads
Event: 0.107 Executing VM operation: HandshakeAllThreads done
Event: 0.122 Executing VM operation: HandshakeAllThreads
Event: 0.122 Executing VM operation: HandshakeAllThreads done
Event: 0.124 Executing VM operation: HandshakeAllThreads
Event: 0.124 Executing VM operation: HandshakeAllThreads done
Event: 0.232 Executing VM operation: ICBufferFull
Event: 0.232 Executing VM operation: ICBufferFull done
Event: 0.240 Executing VM operation: HandshakeAllThreads
Event: 0.240 Executing VM operation: HandshakeAllThreads done
Event: 0.251 Executing VM operation: HandshakeAllThreads
Event: 0.251 Executing VM operation: HandshakeAllThreads done
Event: 0.254 Executing VM operation: G1CollectForAllocation
Event: 0.256 Executing VM operation: G1CollectForAllocation done
Event: 0.291 Executing VM operation: HandshakeAllThreads
Event: 0.291 Executing VM operation: HandshakeAllThreads done
Event: 0.383 Executing VM operation: HandshakeAllThreads
Event: 0.383 Executing VM operation: HandshakeAllThreads done

Events (20 events):
Event: 0.397 loading class java/nio/DirectFloatBufferU done
Event: 0.398 loading class java/nio/DirectDoubleBufferU
Event: 0.398 loading class java/nio/DirectDoubleBufferU done
Event: 0.398 loading class sun/misc/Unsafe
Event: 0.398 loading class sun/misc/Unsafe done
Event: 0.399 loading class java/util/function/LongPredicate
Event: 0.399 loading class java/util/function/LongPredicate done
Event: 0.400 loading class jdk/internal/access/foreign/MemorySegmentProxy
Event: 0.400 loading class jdk/internal/access/foreign/MemorySegmentProxy done
Event: 0.401 loading class java/nio/InvalidMarkException
Event: 0.401 loading class java/nio/InvalidMarkException done
Event: 0.401 loading class java/nio/BufferUnderflowException
Event: 0.401 loading class java/nio/BufferUnderflowException done
Event: 0.419 loading class jdk/internal/reflect/UnsafeQualifiedStaticIntegerFieldAccessorImpl
Event: 0.419 loading class jdk/internal/reflect/UnsafeQualifiedStaticIntegerFieldAccessorImpl done
Event: 0.548 Thread 0x000002251dc2f8d0 Thread exited: 0x000002251dc2f8d0
Event: 0.548 Thread 0x000002251dc312e0 Thread exited: 0x000002251dc312e0
Event: 0.548 Thread 0x00000224d7b8cb20 Thread exited: 0x00000224d7b8cb20
Event: 0.556 Loaded shared library C:\Users\aurel\AppData\Local\Temp\lwjgl_aurel\3.3.4+7\x64\lwjgl_stb.dll
Event: 0.564 Loaded shared library C:\Users\aurel\AppData\Local\Temp\lwjgl_aurel\3.3.4+7\x64\lwjgl_opengl.dll


Dynamic libraries:
0x00007ff6236e0000 - 0x00007ff6236f0000 	C:\Program Files\Java\jdk-17\bin\java.exe
0x00007ffdb26f0000 - 0x00007ffdb2907000 	C:\WINDOWS\SYSTEM32\ntdll.dll
0x00007ffdb0e20000 - 0x00007ffdb0ee4000 	C:\WINDOWS\System32\KERNEL32.DLL
0x00007ffdafa30000 - 0x00007ffdafde7000 	C:\WINDOWS\System32\KERNELBASE.dll
0x00007ffdafdf0000 - 0x00007ffdaff01000 	C:\WINDOWS\System32\ucrtbase.dll
0x00007ffdaba20000 - 0x00007ffdaba3b000 	C:\Program Files\Java\jdk-17\bin\VCRUNTIME140.dll
0x00007ffdaba40000 - 0x00007ffdaba59000 	C:\Program Files\Java\jdk-17\bin\jli.dll
0x00007ffdb08b0000 - 0x00007ffdb0962000 	C:\WINDOWS\System32\ADVAPI32.dll
0x00007ffdb09b0000 - 0x00007ffdb0a57000 	C:\WINDOWS\System32\msvcrt.dll
0x00007ffdb14e0000 - 0x00007ffdb1588000 	C:\WINDOWS\System32\sechost.dll
0x00007ffdb03f0000 - 0x00007ffdb0418000 	C:\WINDOWS\System32\bcrypt.dll
0x00007ffdb23e0000 - 0x00007ffdb24f4000 	C:\WINDOWS\System32\RPCRT4.dll
0x00007ffdb2500000 - 0x00007ffdb26af000 	C:\WINDOWS\System32\USER32.dll
0x00007ffda0940000 - 0x00007ffda0bd3000 	C:\WINDOWS\WinSxS\amd64_microsoft.windows.common-controls_6595b64144ccf1df_6.0.22621.3672_none_2713b9d173822955\COMCTL32.dll
0x00007ffdafa00000 - 0x00007ffdafa26000 	C:\WINDOWS\System32\win32u.dll
0x00007ffdb0d10000 - 0x00007ffdb0d39000 	C:\WINDOWS\System32\GDI32.dll
0x00007ffdb0230000 - 0x00007ffdb0348000 	C:\WINDOWS\System32\gdi32full.dll
0x00007ffdb0350000 - 0x00007ffdb03ea000 	C:\WINDOWS\System32\msvcp_win.dll
0x00007ffda96a0000 - 0x00007ffda96aa000 	C:\WINDOWS\SYSTEM32\VERSION.dll
0x00007ffdb0970000 - 0x00007ffdb09a1000 	C:\WINDOWS\System32\IMM32.DLL
0x00007ffdacc50000 - 0x00007ffdacc5c000 	C:\Program Files\Java\jdk-17\bin\vcruntime140_1.dll
0x00007ffda9480000 - 0x00007ffda950e000 	C:\Program Files\Java\jdk-17\bin\msvcp140.dll
0x00007ffd161e0000 - 0x00007ffd16dbf000 	C:\Program Files\Java\jdk-17\bin\server\jvm.dll
0x00007ffdb0b40000 - 0x00007ffdb0b48000 	C:\WINDOWS\System32\PSAPI.DLL
0x00007ffdabb30000 - 0x00007ffdabb39000 	C:\WINDOWS\SYSTEM32\WSOCK32.dll
0x00007ffda76a0000 - 0x00007ffda76d4000 	C:\WINDOWS\SYSTEM32\WINMM.dll
0x00007ffdb0f10000 - 0x00007ffdb0f81000 	C:\WINDOWS\System32\WS2_32.dll
0x00007ffdaea50000 - 0x00007ffdaea68000 	C:\WINDOWS\SYSTEM32\kernel.appcore.dll
0x00007ffdac250000 - 0x00007ffdac25a000 	C:\Program Files\Java\jdk-17\bin\jimage.dll
0x00007ffda5290000 - 0x00007ffda54c2000 	C:\WINDOWS\SYSTEM32\DBGHELP.DLL
0x00007ffdb1150000 - 0x00007ffdb14de000 	C:\WINDOWS\System32\combase.dll
0x00007ffdb17e0000 - 0x00007ffdb18b7000 	C:\WINDOWS\System32\OLEAUT32.dll
0x00007ffd85110000 - 0x00007ffd85142000 	C:\WINDOWS\SYSTEM32\dbgcore.DLL
0x00007ffdaff80000 - 0x00007ffdafffb000 	C:\WINDOWS\System32\bcryptPrimitives.dll
0x00007ffda9390000 - 0x00007ffda939e000 	C:\Program Files\Java\jdk-17\bin\instrument.dll
0x00007ffda9450000 - 0x00007ffda9475000 	C:\Program Files\Java\jdk-17\bin\java.dll
0x00007ffda38a0000 - 0x00007ffda3977000 	C:\Program Files\Java\jdk-17\bin\jsvml.dll
0x00007ffdb1b70000 - 0x00007ffdb23d9000 	C:\WINDOWS\System32\SHELL32.dll
0x00007ffdad970000 - 0x00007ffdae26f000 	C:\WINDOWS\SYSTEM32\windows.storage.dll
0x00007ffdad830000 - 0x00007ffdad96f000 	C:\WINDOWS\SYSTEM32\wintypes.dll
0x00007ffdb1a70000 - 0x00007ffdb1b69000 	C:\WINDOWS\System32\SHCORE.dll
0x00007ffdb0a60000 - 0x00007ffdb0abe000 	C:\WINDOWS\System32\shlwapi.dll
0x00007ffdaf930000 - 0x00007ffdaf957000 	C:\WINDOWS\SYSTEM32\profapi.dll
0x00007ffda93d0000 - 0x00007ffda93e8000 	C:\Program Files\Java\jdk-17\bin\zip.dll
0x00007ffda9430000 - 0x00007ffda9449000 	C:\Program Files\Java\jdk-17\bin\net.dll
0x00007ffdac5a0000 - 0x00007ffdac6d6000 	C:\WINDOWS\SYSTEM32\WINHTTP.dll
0x00007ffdaeec0000 - 0x00007ffdaef29000 	C:\WINDOWS\system32\mswsock.dll
0x00007ffda93f0000 - 0x00007ffda9406000 	C:\Program Files\Java\jdk-17\bin\nio.dll
0x00007ffda3470000 - 0x00007ffda348a000 	C:\Program Files\JetBrains\IntelliJ IDEA 2023.2.4\bin\breakgen64.dll
0x00007ffda9360000 - 0x00007ffda936a000 	C:\Program Files\Java\jdk-17\bin\management.dll
0x00007ffda3de0000 - 0x00007ffda3deb000 	C:\Program Files\Java\jdk-17\bin\management_ext.dll
0x00007ffd6e820000 - 0x00007ffd6e837000 	C:\WINDOWS\system32\napinsp.dll
0x00007ffd6e800000 - 0x00007ffd6e81b000 	C:\WINDOWS\system32\pnrpnsp.dll
0x00007ffdae540000 - 0x00007ffdae642000 	C:\WINDOWS\SYSTEM32\DNSAPI.dll
0x00007ffdae4d0000 - 0x00007ffdae4fd000 	C:\WINDOWS\SYSTEM32\IPHLPAPI.DLL
0x00007ffdb08a0000 - 0x00007ffdb08a9000 	C:\WINDOWS\System32\NSI.dll
0x00007ffd6cc40000 - 0x00007ffd6cc51000 	C:\WINDOWS\System32\winrnr.dll
0x00007ffd8ed10000 - 0x00007ffd8ed25000 	C:\WINDOWS\system32\wshbth.dll
0x00007ffd6cc10000 - 0x00007ffd6cc37000 	C:\WINDOWS\system32\nlansp_c.dll
0x00007ffda1f90000 - 0x00007ffda1f9a000 	C:\Windows\System32\rasadhlp.dll
0x00007ffdac300000 - 0x00007ffdac383000 	C:\WINDOWS\System32\fwpuclnt.dll
0x00007ffda93c0000 - 0x00007ffda93d0000 	C:\Program Files\Java\jdk-17\bin\verify.dll
0x00007ffd68b80000 - 0x00007ffd68bfb000 	C:\Users\aurel\AppData\Local\Temp\lwjgl_aurel\3.3.4+7\x64\lwjgl.dll
0x00007ffd19ff0000 - 0x00007ffd1a261000 	C:\Users\aurel\AppData\Local\Temp\lwjgl_aurel\3.3.4+7\x64\jemalloc.dll
0x00007ffd2ad40000 - 0x00007ffd2adc5000 	C:\Users\aurel\AppData\Local\Temp\lwjgl_aurel\3.3.4+7\x64\glfw.dll
0x00007ffd97180000 - 0x00007ffd971c6000 	C:\WINDOWS\SYSTEM32\dinput8.dll
0x00007ffda80e0000 - 0x00007ffda80f1000 	C:\WINDOWS\SYSTEM32\xinput1_4.dll
0x00007ffdaf6f0000 - 0x00007ffdaf73e000 	C:\WINDOWS\SYSTEM32\cfgmgr32.dll
0x00007ffdaf6c0000 - 0x00007ffdaf6ec000 	C:\WINDOWS\SYSTEM32\DEVOBJ.dll
0x00007ffdad2b0000 - 0x00007ffdad2db000 	C:\WINDOWS\SYSTEM32\dwmapi.dll
0x00007ffda2e30000 - 0x00007ffda3043000 	C:\WINDOWS\SYSTEM32\inputhost.dll
0x00007ffdab8d0000 - 0x00007ffdaba03000 	C:\WINDOWS\SYSTEM32\CoreMessaging.dll
0x00007ffdacf10000 - 0x00007ffdacfc1000 	C:\WINDOWS\system32\uxtheme.dll
0x00007ffdaf130000 - 0x00007ffdaf13c000 	C:\WINDOWS\SYSTEM32\CRYPTBASE.DLL
0x00007ffdb1590000 - 0x00007ffdb16f0000 	C:\WINDOWS\System32\MSCTF.dll
0x00007ffd67f60000 - 0x00007ffd68060000 	C:\WINDOWS\SYSTEM32\opengl32.dll
0x00007ffd85160000 - 0x00007ffd8518d000 	C:\WINDOWS\SYSTEM32\GLU32.dll
0x00007ffdad060000 - 0x00007ffdad097000 	C:\WINDOWS\SYSTEM32\dxcore.dll
0x00007ffdb19c0000 - 0x00007ffdb1a70000 	C:\WINDOWS\System32\clbcatq.dll
0x00007ffd5be30000 - 0x00007ffd5e418000 	C:\WINDOWS\System32\DriverStore\FileRepository\nv_dispi.inf_amd64_78cd02ab022cd554\nvoglv64.dll
0x00007ffdb0420000 - 0x00007ffdb0894000 	C:\WINDOWS\System32\SETUPAPI.dll
0x00007ffdb0b60000 - 0x00007ffdb0d05000 	C:\WINDOWS\System32\ole32.dll
0x00007ffdae810000 - 0x00007ffdae824000 	C:\WINDOWS\SYSTEM32\WTSAPI32.dll
0x00007ffdaf6a0000 - 0x00007ffdaf6b2000 	C:\WINDOWS\SYSTEM32\msasn1.dll
0x00007ffda9660000 - 0x00007ffda9692000 	C:\WINDOWS\SYSTEM32\cryptnet.dll
0x00007ffdb00c0000 - 0x00007ffdb0226000 	C:\WINDOWS\System32\CRYPT32.dll
0x00007ffdaf230000 - 0x00007ffdaf279000 	C:\WINDOWS\SYSTEM32\wldp.dll
0x00007ffda87b0000 - 0x00007ffda8912000 	C:\WINDOWS\SYSTEM32\drvstore.dll
0x00007ffdaff10000 - 0x00007ffdaff7c000 	C:\WINDOWS\System32\WINTRUST.dll
0x00007ffdaeb60000 - 0x00007ffdaeb94000 	C:\WINDOWS\SYSTEM32\ntmarta.dll
0x00007ffdb0ef0000 - 0x00007ffdb0f0f000 	C:\WINDOWS\System32\imagehlp.dll
0x00007ffdaf110000 - 0x00007ffdaf12b000 	C:\WINDOWS\SYSTEM32\CRYPTSP.dll
0x00007ffdae9b0000 - 0x00007ffdae9e5000 	C:\WINDOWS\system32\rsaenh.dll
0x00007ffd9e670000 - 0x00007ffda065e000 	C:\WINDOWS\System32\DriverStore\FileRepository\nv_dispi.inf_amd64_78cd02ab022cd554\nvgpucomp64.dll
0x00007ffd68060000 - 0x00007ffd68330000 	C:\WINDOWS\system32\nvspcap64.dll
0x00007ffdaf650000 - 0x00007ffdaf69d000 	C:\WINDOWS\SYSTEM32\powrprof.dll
0x00007ffdaf450000 - 0x00007ffdaf463000 	C:\WINDOWS\SYSTEM32\UMPDC.dll
0x00007ffdaf1c0000 - 0x00007ffdaf226000 	C:\WINDOWS\SYSTEM32\WINSTA.dll
0x00007ffd2aca0000 - 0x00007ffd2ad40000 	C:\Users\aurel\AppData\Local\Temp\lwjgl_aurel\3.3.4+7\x64\lwjgl_stb.dll
0x00007ffd7a8b0000 - 0x00007ffd7a911000 	C:\Users\aurel\AppData\Local\Temp\lwjgl_aurel\3.3.4+7\x64\lwjgl_opengl.dll

dbghelp: loaded successfully - version: 4.0.5 - missing functions: none
symbol engine: initialized successfully - sym options: 0x614 - pdb path: .;C:\Program Files\Java\jdk-17\bin;C:\WINDOWS\SYSTEM32;C:\WINDOWS\WinSxS\amd64_microsoft.windows.common-controls_6595b64144ccf1df_6.0.22621.3672_none_2713b9d173822955;C:\Program Files\Java\jdk-17\bin\server;C:\Program Files\JetBrains\IntelliJ IDEA 2023.2.4\bin;C:\Users\aurel\AppData\Local\Temp\lwjgl_aurel\3.3.4+7\x64;C:\WINDOWS\System32\DriverStore\FileRepository\nv_dispi.inf_amd64_78cd02ab022cd554

VM Arguments:
jvm_args: -javaagent:C:\Program Files\JetBrains\IntelliJ IDEA 2023.2.4\lib\idea_rt.jar=56766:C:\Program Files\JetBrains\IntelliJ IDEA 2023.2.4\bin -Dfile.encoding=UTF-8 
java_command: Main -Dorg.lwjgl.util.Debug=true
java_class_path (initial): C:\Users\aurel\Downloads\mini bidules\minecraft\target\classes;C:\Users\aurel\.m2\repository\org\apache\logging\log4j\log4j-core\2.17.1\log4j-core-2.17.1.jar;C:\Users\aurel\.m2\repository\org\apache\logging\log4j\log4j-api\2.17.1\log4j-api-2.17.1.jar;C:\Users\aurel\.m2\repository\org\lwjgl\lwjgl\3.3.4\lwjgl-3.3.4.jar;C:\Users\aurel\.m2\repository\org\lwjgl\lwjgl-assimp\3.3.4\lwjgl-assimp-3.3.4.jar;C:\Users\aurel\.m2\repository\org\lwjgl\lwjgl-bgfx\3.3.4\lwjgl-bgfx-3.3.4.jar;C:\Users\aurel\.m2\repository\org\lwjgl\lwjgl-cuda\3.3.4\lwjgl-cuda-3.3.4.jar;C:\Users\aurel\.m2\repository\org\lwjgl\lwjgl-egl\3.3.4\lwjgl-egl-3.3.4.jar;C:\Users\aurel\.m2\repository\org\lwjgl\lwjgl-fmod\3.3.4\lwjgl-fmod-3.3.4.jar;C:\Users\aurel\.m2\repository\org\lwjgl\lwjgl-freetype\3.3.4\lwjgl-freetype-3.3.4.jar;C:\Users\aurel\.m2\repository\org\lwjgl\lwjgl-glfw\3.3.4\lwjgl-glfw-3.3.4.jar;C:\Users\aurel\.m2\repository\org\lwjgl\lwjgl-harfbuzz\3.3.4\lwjgl-harfbuzz-3.3.4.jar;C:\Users\aurel\.m2\repository\org\lwjgl\lwjgl-hwloc\3.3.4\lwjgl-hwloc-3.3.4.jar;C:\Users\aurel\.m2\repository\org\lwjgl\lwjgl-jawt\3.3.4\lwjgl-jawt-3.3.4.jar;C:\Users\aurel\.m2\repository\org\lwjgl\lwjgl-jemalloc\3.3.4\lwjgl-jemalloc-3.3.4.jar;C:\Users\aurel\.m2\repository\org\lwjgl\lwjgl-ktx\3.3.4\lwjgl-ktx-3.3.4.jar;C:\Users\aurel\.m2\repository\org\lwjgl\lwjgl-libdivide\3.3.4\lwjgl-libdivide-3.3.4.jar;C:\Users\aurel\.m2\repository\org\lwjgl\lwjgl-llvm\3.3.4\lwjgl-llvm-3.3.4.jar;C:\Users\aurel\.m2\repository\org\lwjgl\lwjgl-lmdb\3.3.4\lwjgl-lmdb-3.3.4.jar;C:\Users\aurel\.m2\repository\org\lwjgl\lwjgl-lz4\3.3.4\lwjgl-lz4-3.3.4.jar;C:\Users\aurel\.m2\repository\org\lwjgl\lwjgl-meow\3.3.4\lwjgl-meow-3.3.4.jar;C:\Users\aurel\.m2\repository\org\lwjgl\lwjgl-meshoptimizer\3.3.4\lwjgl-meshoptimizer-3.3.4.jar;C:\Users\aurel\.m2\repository\org\lwjgl\lwjgl-msdfgen\3.3.4\lwjgl-msdfgen-3.3.4.jar;C:\Users\aurel\.m2\repository\org\lwjgl\lwjgl-nanovg\3.3.4\lwjgl-nanovg-3.3.4.jar;C:\Users\aurel\.m2\repository\
Launcher Type: SUN_STANDARD

[Global flags]
     intx CICompilerCount                          = 12                                        {product} {ergonomic}
     uint ConcGCThreads                            = 3                                         {product} {ergonomic}
     uint G1ConcRefinementThreads                  = 13                                        {product} {ergonomic}
   size_t G1HeapRegionSize                         = 4194304                                   {product} {ergonomic}
    uintx GCDrainStackTargetSize                   = 64                                        {product} {ergonomic}
   size_t InitialHeapSize                          = 524288000                                 {product} {ergonomic}
   size_t MarkStackSize                            = 4194304                                   {product} {ergonomic}
   size_t MaxHeapSize                              = 8367636480                                {product} {ergonomic}
   size_t MaxNewSize                               = 5020581888                                {product} {ergonomic}
   size_t MinHeapDeltaBytes                        = 4194304                                   {product} {ergonomic}
   size_t MinHeapSize                              = 8388608                                   {product} {ergonomic}
    uintx NonNMethodCodeHeapSize                   = 7602480                                {pd product} {ergonomic}
    uintx NonProfiledCodeHeapSize                  = 122027880                              {pd product} {ergonomic}
    uintx ProfiledCodeHeapSize                     = 122027880                              {pd product} {ergonomic}
    uintx ReservedCodeCacheSize                    = 251658240                              {pd product} {ergonomic}
     bool SegmentedCodeCache                       = true                                      {product} {ergonomic}
   size_t SoftMaxHeapSize                          = 8367636480                             {manageable} {ergonomic}
     bool UseCompressedClassPointers               = true                           {product lp64_product} {ergonomic}
     bool UseCompressedOops                        = true                           {product lp64_product} {ergonomic}
     bool UseG1GC                                  = true                                      {product} {ergonomic}
     bool UseLargePagesIndividualAllocation        = false                                  {pd product} {ergonomic}

Logging:
Log output configuration:
 #0: stdout all=warning uptime,level,tags
 #1: stderr all=off uptime,level,tags

Environment Variables:
PATH=C:\Program Files (x86)\Common Files\Oracle\Java\java8path;C:\Program Files (x86)\Common Files\Oracle\Java\javapath;D:\Oculus\Support\oculus-runtime;C:\WINDOWS\system32;C:\WINDOWS;C:\WINDOWS\System32\Wbem;C:\WINDOWS\System32\WindowsPowerShell\v1.0\;C:\WINDOWS\System32\OpenSSH\;C:\Program Files\NVIDIA Corporation\NVIDIA NvDLISR;C:\Program Files (x86)\NVIDIA Corporation\PhysX\Common;C:\Program Files\Java\jdk-17\bin;C:\Program Files\Git\cmd;C:\Users\aurel\AppData\Local\Microsoft\WindowsApps;C:\Users\aurel\AppData\Local\Programs\Microsoft VS Code\bin;C:\Users\aurel\AppData\Local\GitHubDesktop\bin
USERNAME=aurel
OS=Windows_NT
PROCESSOR_IDENTIFIER=AMD64 Family 25 Model 97 Stepping 2, AuthenticAMD



---------------  S Y S T E M  ---------------

OS:
 Windows 11 , 64 bit Build 22621 (10.0.22621.3958)
OS uptime: 0 days 14:22 hours

CPU: total 16 (initial active 16) (16 cores per cpu, 2 threads per core) family 25 model 97 stepping 2 microcode 0x0, cx8, cmov, fxsr, ht, mmx, 3dnowpref, sse, sse2, sse3, ssse3, sse4a, sse4.1, sse4.2, popcnt, lzcnt, tsc, tscinvbit, avx, avx2, aes, erms, clmul, bmi1, bmi2, adx, avx512f, avx512dq, avx512cd, avx512bw, avx512vl, sha, fma, vzeroupper, avx512_vpopcntdq, avx512_vpclmulqdq, avx512_vaes, avx512_vnni, clflush, clflushopt, avx512_vbmi2, avx512_vbmi

Memory: 4k page, system-wide physical 31904M (18596M free)
TotalPageFile size 33952M (AvailPageFile size 12475M)
current process WorkingSet (physical memory assigned to process): 171M, peak: 171M
current process commit charge ("private bytes"): 770M, peak: 770M

vm_info: Java HotSpot(TM) 64-Bit Server VM (17.0.10+11-LTS-240) for windows-amd64 JRE (17.0.10+11-LTS-240), built on Dec 19 2023 21:47:25 by "mach5one" with MS VC++ 17.1 (VS2022)

END.
